[91m[2021-03-13 11:45:28.120] mysql.go:16 [0m[32måˆå§‹åŒ– Mysql Service...
[0m[91m[2021-03-13 11:45:28.157] console.go:14 [0m[32mgood life memo åˆå§‹åŒ–ä¸­ ...
[0m[91m[2021-03-13 12:24:11.137] mysql.go:16 [0m[32måˆå§‹åŒ– Mysql Service...
[0m[91m[2021-03-13 12:24:11.251] console.go:14 [0m[32mgood life memo åˆå§‹åŒ–ä¸­ ...
[0m[91m[2021-03-13 12:27:16.352] mysql.go:16 [0m[32måˆå§‹åŒ– Mysql Service...
[0m[91m[2021-03-13 12:27:16.394] console.go:14 [0m[32mgood life memo åˆå§‹åŒ–ä¸­ ...
[0m[91m[2021-03-13 12:32:19.189] mysql.go:16 [0m[32måˆå§‹åŒ– Mysql Service...
[0m[91m[2021-03-13 12:32:19.226] console.go:14 [0m[32mgood life memo åˆå§‹åŒ–ä¸­ ...
[0m[91m[2021-03-13 12:33:01.258] mysql.go:16 [0m[32måˆå§‹åŒ– Mysql Service...
[0m[91m[2021-03-13 12:33:01.295] console.go:14 [0m[32mgood life memo åˆå§‹åŒ–ä¸­ ...
[0m[91m[2021-03-13 12:34:52.370] mysql.go:16 [0m[32måˆå§‹åŒ– Mysql Service...
[0m[91m[2021-03-13 12:34:52.406] console.go:14 [0m[32mgood life memo åˆå§‹åŒ–ä¸­ ...
[0m[91m[2021-03-13 12:35:14.161] mysql.go:16 [0m[32måˆå§‹åŒ– Mysql Service...
[0m[91m[2021-03-13 12:35:14.198] console.go:14 [0m[32mgood life memo åˆå§‹åŒ–ä¸­ ...
[0m[91m[2021-03-13 12:36:54.160] mysql.go:16 [0m[32måˆå§‹åŒ– Mysql Service...
[0m[91m[2021-03-13 12:36:54.197] mysql.go:69 [0m[32m&{0 0x11986060 0 {0 0} [0x11842000] map[] 0 1 0x1198a040 false map[0x11842000:map[0x11842000:true]] map[] 0 300 0 0 <nil> 0 0 0 0 0x2b4c80}
[0m[91m[2021-03-13 12:36:54.198] console.go:14 [0m[32mgood life memo åˆå§‹åŒ–ä¸­ ...
[0m[91m[2021-03-13 12:37:06.250] service.go:18 [0m[32m<nil>
[0m[91m[2021-03-13 12:37:48.724] mysql.go:16 [0m[32måˆå§‹åŒ– Mysql Service...
[0m[91m[2021-03-13 12:37:48.758] mysql.go:70 [0m[32m&{0 0x11c06528 0 {0 0} [0x11c423c0] map[] 0 1 0x11c0e9c0 false map[0x11c423c0:map[0x11c423c0:true]] map[] 0 300 0 0 <nil> 0 0 0 0 0xb34c80}
[0m[91m[2021-03-13 12:37:48.760] console.go:14 [0m[32mgood life memo åˆå§‹åŒ–ä¸­ ...
[0m[91m[2021-03-13 12:37:51.937] service.go:18 [0m[32m&{0 0x11c06528 0 {0 0} [0x11c423c0] map[] 0 1 0x11c0e9c0 false map[0x11c423c0:map[0x11c423c0:true]] map[] 0 300 0 0 <nil> 0 0 0 0 0xb34c80}
[0m[91m[2021-03-13 12:37:51.979] service.go:50 [0m[91mè¯¥ç”¨æˆ·æœªæ³¨å†Œ
[0m[91m[2021-03-13 12:37:58.472] service.go:18 [0m[32m&{0 0x11c06528 0 {0 0} [0x11c423c0] map[] 0 1 0x11c0e9c0 false map[0x11c423c0:map[0x11c423c0:true]] map[] 0 300 0 0 <nil> 0 0 0 0 0xb34c80}
[0m[91m[2021-03-13 12:37:58.479] service.go:50 [0m[91mè¯¥ç”¨æˆ·æœªæ³¨å†Œ
[0m[91m[2021-03-13 12:38:33.492] mysql.go:16 [0m[32måˆå§‹åŒ– Mysql Service...
[0m[91m[2021-03-13 12:38:33.531] mysql.go:70 [0m[32m&{0 0x11c06528 0 {0 0} [0x11d8a000] map[] 0 1 0x11c0e9c0 false map[0x11d8a000:map[0x11d8a000:true]] map[] 0 300 0 0 <nil> 0 0 0 0 0x174c80}
[0m[91m[2021-03-13 12:38:33.533] console.go:14 [0m[32mgood life memo åˆå§‹åŒ–ä¸­ ...
[0m[91m[2021-03-13 12:38:37.067] service.go:18 [0m[32m&{0 0x11c06528 0 {0 0} [0x11d8a000] map[] 0 1 0x11c0e9c0 false map[0x11d8a000:map[0x11d8a000:true]] map[] 0 300 0 0 <nil> 0 0 0 0 0x174c80}
[0m[91m[2021-03-13 12:38:37.069] service.go:50 [0m[91mè¯¥ç”¨æˆ·æœªæ³¨å†Œ
[0m[91m[2021-03-13 12:38:37.121] service.go:18 [0m[32m&{0 0x11c06528 0 {0 0} [0x11d8a000] map[] 0 1 0x11c0e9c0 false map[0x11d8a000:map[0x11d8a000:true]] map[] 0 300 0 0 <nil> 0 0 0 0 0x174c80}
[0m[91m[2021-03-13 12:38:37.131] service.go:50 [0m[91mè¯¥ç”¨æˆ·æœªæ³¨å†Œ
[0m[91m[2021-03-13 12:38:37.181] service.go:18 [0m[32m&{0 0x11c06528 0 {0 0} [0x11d8a000] map[] 0 1 0x11c0e9c0 false map[0x11d8a000:map[0x11d8a000:true]] map[] 0 300 0 0 <nil> 0 0 0 0 0x174c80}
[0m[91m[2021-03-13 12:38:37.184] service.go:50 [0m[91mè¯¥ç”¨æˆ·æœªæ³¨å†Œ
[0m[91m[2021-03-13 12:38:37.235] service.go:18 [0m[32m&{0 0x11c06528 0 {0 0} [0x11d8a000] map[] 0 1 0x11c0e9c0 false map[0x11d8a000:map[0x11d8a000:true]] map[] 0 300 0 0 <nil> 0 0 0 0 0x174c80}
[0m[91m[2021-03-13 12:38:37.238] service.go:50 [0m[91mè¯¥ç”¨æˆ·æœªæ³¨å†Œ
[0m[91m[2021-03-13 12:38:37.297] service.go:18 [0m[32m&{0 0x11c06528 0 {0 0} [0x11d8a000] map[] 0 1 0x11c0e9c0 false map[0x11d8a000:map[0x11d8a000:true]] map[] 0 300 0 0 <nil> 0 0 0 0 0x174c80}
[0m[91m[2021-03-13 12:38:37.300] service.go:50 [0m[91mè¯¥ç”¨æˆ·æœªæ³¨å†Œ
[0m[91m[2021-03-13 12:38:37.345] service.go:18 [0m[32m&{0 0x11c06528 0 {0 0} [0x11d8a000] map[] 0 1 0x11c0e9c0 false map[0x11d8a000:map[0x11d8a000:true]] map[] 0 300 0 0 <nil> 0 0 0 0 0x174c80}
[0m[91m[2021-03-13 12:38:37.347] service.go:50 [0m[91mè¯¥ç”¨æˆ·æœªæ³¨å†Œ
[0m[91m[2021-03-13 12:38:37.398] service.go:18 [0m[32m&{0 0x11c06528 0 {0 0} [0x11d8a000] map[] 0 1 0x11c0e9c0 false map[0x11d8a000:map[0x11d8a000:true]] map[] 0 300 0 0 <nil> 0 0 0 0 0x174c80}
[0m[91m[2021-03-13 12:38:37.400] service.go:50 [0m[91mè¯¥ç”¨æˆ·æœªæ³¨å†Œ
[0m[91m[2021-03-13 12:39:29.526] mysql.go:16 [0m[32måˆå§‹åŒ– Mysql Service...
[0m[91m[2021-03-13 12:39:29.562] mysql.go:70 [0m[32m&{0 0x11c88518 0 {0 0} [0x11c8c420] map[] 0 1 0x11c867c0 false map[0x11c8c420:map[0x11c8c420:true]] map[] 0 300 0 0 <nil> 0 0 0 0 0xdf4c80}
[0m[91m[2021-03-13 12:39:29.563] console.go:14 [0m[32mgood life memo åˆå§‹åŒ–ä¸­ ...
[0m[91m[2021-03-13 12:39:33.089] service.go:18 [0m[32m&{0 0x11c88518 0 {0 0} [0x11c8c420] map[] 0 1 0x11c867c0 false map[0x11c8c420:map[0x11c8c420:true]] map[] 0 300 0 0 <nil> 0 0 0 0 0xdf4c80}
[0m[91m[2021-03-13 12:39:33.092] service.go:50 [0m[91mè¯¥ç”¨æˆ·æœªæ³¨å†Œ
[0m[91m[2021-03-13 12:40:51.119] mysql.go:16 [0m[32måˆå§‹åŒ– Mysql Service...
[0m[91m[2021-03-13 12:40:51.156] mysql.go:70 [0m[32m&{0 0x12088518 0 {0 0} [0x1208c3c0] map[] 0 1 0x120867c0 false map[0x1208c3c0:map[0x1208c3c0:true]] map[] 0 300 0 0 <nil> 0 0 0 0 0xa74c80}
[0m[91m[2021-03-13 12:40:51.162] console.go:14 [0m[32mgood life memo åˆå§‹åŒ–ä¸­ ...
[0m[91m[2021-03-13 12:40:53.314] service.go:18 [0m[32m&{0 0x12088518 0 {0 0} [0x1208c3c0] map[] 0 1 0x120867c0 false map[0x1208c3c0:map[0x1208c3c0:true]] map[] 0 300 0 0 <nil> 0 0 0 0 0xa74c80}
[0m[91m[2021-03-13 12:40:53.317] service.go:50 [0m[91mè¯¥ç”¨æˆ·æœªæ³¨å†Œ
[0m[91m[2021-03-13 12:41:06.864] service.go:18 [0m[32m&{0 0x12088518 0 {0 0} [0x1208c3c0] map[] 0 1 0x120867c0 false map[0x1208c3c0:map[0x1208c3c0:true]] map[] 0 300 0 0 <nil> 0 0 0 0 0xa74c80}
[0m[91m[2021-03-13 12:41:06.868] service.go:50 [0m[91mè¯¥ç”¨æˆ·æœªæ³¨å†Œ
[0m[91m[2021-03-13 12:45:04.391] mysql.go:16 [0m[32måˆå§‹åŒ– Mysql Service...
[0m[91m[2021-03-13 12:45:04.450] mysql.go:70 [0m[32m&{0 0x12092060 0 {0 0} [0x120427e0] map[] 0 1 0x120900c0 false map[0x120427e0:map[0x120427e0:true]] map[] 0 300 0 0 <nil> 0 0 0 0 0x884c80}
[0m[91m[2021-03-13 12:45:04.451] console.go:14 [0m[32mgood life memo åˆå§‹åŒ–ä¸­ ...
[0m[91m[2021-03-13 12:45:07.099] service.go:48 [0m[91mè¯¥ç”¨æˆ·æœªæ³¨å†Œ
[0m[91m[2021-03-13 12:45:09.171] service.go:48 [0m[91mè¯¥ç”¨æˆ·æœªæ³¨å†Œ
[0m[91m[2021-03-13 12:45:41.080] mysql.go:16 [0m[32måˆå§‹åŒ– Mysql Service...
[0m[91m[2021-03-13 12:45:41.126] console.go:14 [0m[32mgood life memo åˆå§‹åŒ–ä¸­ ...
[0m[91m[2021-03-13 12:45:43.811] service.go:48 [0m[91mè¯¥ç”¨æˆ·æœªæ³¨å†Œ
[0m[91m[2021-03-13 12:52:50.037] mysql.go:16 [0m[32måˆå§‹åŒ– Mysql Service...
[0m[91m[2021-03-13 12:52:50.076] console.go:14 [0m[32mgood life memo åˆå§‹åŒ–ä¸­ ...
[0m[91m[2021-03-13 12:52:52.860] service.go:48 [0m[91mè¯¥ç”¨æˆ·æœªæ³¨å†Œ
[0m[91m[2021-03-13 12:52:55.020] service.go:48 [0m[91mè¯¥ç”¨æˆ·æœªæ³¨å†Œ
[0m[91m[2021-03-13 12:53:05.307] service.go:48 [0m[91mè¯¥ç”¨æˆ·æœªæ³¨å†Œ
[0m[91m[2021-03-13 12:53:06.587] service.go:48 [0m[91mè¯¥ç”¨æˆ·æœªæ³¨å†Œ
[0m[91m[2021-03-13 12:59:51.195] mysql.go:16 [0m[32måˆå§‹åŒ– Mysql Service...
[0m[91m[2021-03-13 12:59:51.240] console.go:14 [0m[32mgood life memo åˆå§‹åŒ–ä¸­ ...
[0m[91m[2021-03-13 12:59:55.337] service.go:40 [0m[91mè¯¥ç”¨æˆ·æœªæ³¨å†Œ
[0m[91m[2021-03-13 13:00:07.768] service.go:40 [0m[91mè¯¥ç”¨æˆ·æœªæ³¨å†Œ
[0m[91m[2021-03-13 13:00:36.840] mysql.go:16 [0m[32måˆå§‹åŒ– Mysql Service...
[0m[91m[2021-03-13 13:00:36.877] console.go:14 [0m[32mgood life memo åˆå§‹åŒ–ä¸­ ...
[0m[91m[2021-03-13 13:00:39.265] service.go:40 [0m[91mè¯¥ç”¨æˆ·æœªæ³¨å†Œ
[0m[91m[2021-03-13 13:00:42.273] service.go:40 [0m[91mè¯¥ç”¨æˆ·æœªæ³¨å†Œ
[0m[91m[2021-03-13 13:00:53.327] mysql.go:16 [0m[32måˆå§‹åŒ– Mysql Service...
[0m[91m[2021-03-13 13:00:53.364] console.go:14 [0m[32mgood life memo åˆå§‹åŒ–ä¸­ ...
[0m[91m[2021-03-13 13:01:13.706] service.go:40 [0m[91mè¯¥ç”¨æˆ·æœªæ³¨å†Œ
[0m[91m[2021-03-13 13:01:47.250] mysql.go:16 [0m[32måˆå§‹åŒ– Mysql Service...
[0m[91m[2021-03-13 13:01:47.288] console.go:14 [0m[32mgood life memo åˆå§‹åŒ–ä¸­ ...
[0m[91m[2021-03-13 13:01:57.136] service.go:40 [0m[91mè¯¥ç”¨æˆ·æœªæ³¨å†Œ
[0m[91m[2021-03-13 13:02:49.998] mysql.go:16 [0m[32måˆå§‹åŒ– Mysql Service...
[0m[91m[2021-03-13 13:02:50.033] console.go:14 [0m[32mgood life memo åˆå§‹åŒ–ä¸­ ...
[0m[91m[2021-03-13 13:02:50.429] service.go:40 [0m[91mè¯¥ç”¨æˆ·æœªæ³¨å†Œ
[0m[91m[2021-03-13 13:03:10.628] mysql.go:16 [0m[32måˆå§‹åŒ– Mysql Service...
[0m[91m[2021-03-13 13:03:10.664] console.go:14 [0m[32mgood life memo åˆå§‹åŒ–ä¸­ ...
[0m[91m[2021-03-13 13:03:38.394] mysql.go:16 [0m[32måˆå§‹åŒ– Mysql Service...
[0m[91m[2021-03-13 13:03:38.430] console.go:14 [0m[32mgood life memo åˆå§‹åŒ–ä¸­ ...
[0m[91m[2021-03-13 13:03:43.349] mysql.go:16 [0m[32måˆå§‹åŒ– Mysql Service...
[0m[91m[2021-03-13 13:03:43.386] console.go:14 [0m[32mgood life memo åˆå§‹åŒ–ä¸­ ...
[0m[91m[2021-03-13 13:03:54.341] mysql.go:16 [0m[32måˆå§‹åŒ– Mysql Service...
[0m[91m[2021-03-13 13:03:54.379] console.go:14 [0m[32mgood life memo åˆå§‹åŒ–ä¸­ ...
[0m[91m[2021-03-13 13:04:17.520] service.go:40 [0m[91mè¯¥ç”¨æˆ·æœªæ³¨å†Œ
[0m[91m[2021-03-13 13:04:29.127] service.go:40 [0m[91mè¯¥ç”¨æˆ·æœªæ³¨å†Œ
[0m[91m[2021-03-13 13:04:45.353] service.go:40 [0m[91mè¯¥ç”¨æˆ·æœªæ³¨å†Œ
[0m[91m[2021-03-13 13:04:54.339] mysql.go:16 [0m[32måˆå§‹åŒ– Mysql Service...
[0m[91m[2021-03-13 13:04:54.377] console.go:14 [0m[32mgood life memo åˆå§‹åŒ–ä¸­ ...
[0m[91m[2021-03-13 13:05:01.561] service.go:40 [0m[91mè¯¥ç”¨æˆ·æœªæ³¨å†Œ
[0m[91m[2021-03-13 13:05:03.696] service.go:40 [0m[91mè¯¥ç”¨æˆ·æœªæ³¨å†Œ
[0m[91m[2021-03-13 13:06:27.771] mysql.go:16 [0m[32måˆå§‹åŒ– Mysql Service...
[0m[91m[2021-03-13 13:06:27.836] console.go:14 [0m[32mgood life memo åˆå§‹åŒ–ä¸­ ...
[0m[91m[2021-03-13 13:06:48.711] mysql.go:16 [0m[32måˆå§‹åŒ– Mysql Service...
[0m[91m[2021-03-13 13:06:48.748] console.go:14 [0m[32mgood life memo åˆå§‹åŒ–ä¸­ ...
[0m[91m[2021-03-13 13:07:21.664] mysql.go:16 [0m[32måˆå§‹åŒ– Mysql Service...
[0m[91m[2021-03-13 13:07:21.703] console.go:14 [0m[32mgood life memo åˆå§‹åŒ–ä¸­ ...
[0m[91m[2021-03-13 13:14:00.728] mysql.go:16 [0m[32måˆå§‹åŒ– Mysql Service...
[0m[91m[2021-03-13 13:14:00.767] console.go:14 [0m[32mgood life memo åˆå§‹åŒ–ä¸­ ...
[0m[91m[2021-03-13 13:14:23.670] mysql.go:16 [0m[32måˆå§‹åŒ– Mysql Service...
[0m[91m[2021-03-13 13:14:23.706] console.go:14 [0m[32mgood life memo åˆå§‹åŒ–ä¸­ ...
[0m[91m[2021-03-13 13:14:47.383] mysql.go:16 [0m[32måˆå§‹åŒ– Mysql Service...
[0m[91m[2021-03-13 13:14:47.418] console.go:14 [0m[32mgood life memo åˆå§‹åŒ–ä¸­ ...
[0m[91m[2021-03-13 13:16:00.590] mysql.go:16 [0m[32måˆå§‹åŒ– Mysql Service...
[0m[91m[2021-03-13 13:16:00.634] console.go:14 [0m[32mgood life memo åˆå§‹åŒ–ä¸­ ...
[0m[91m[2021-03-14 13:52:32.996] mysql.go:16 [0m[32måˆå§‹åŒ– Mysql Service...
[0m[91m[2021-03-14 13:52:33.112] console.go:14 [0m[32mgood life memo åˆå§‹åŒ–ä¸­ ...
[0m[91m[2021-03-14 14:17:00.255] mysql.go:16 [0m[32måˆå§‹åŒ– Mysql Service...
[0m[91m[2021-03-14 14:17:00.293] console.go:14 [0m[32mgood life memo åˆå§‹åŒ–ä¸­ ...
[0m[91m[2021-03-14 14:17:41.889] mysql.go:16 [0m[32måˆå§‹åŒ– Mysql Service...
[0m[91m[2021-03-14 14:17:41.926] console.go:14 [0m[32mgood life memo åˆå§‹åŒ–ä¸­ ...
[0m[91m[2021-03-14 14:19:10.333] mysql.go:16 [0m[32måˆå§‹åŒ– Mysql Service...
[0m[91m[2021-03-14 14:19:10.370] console.go:14 [0m[32mgood life memo åˆå§‹åŒ–ä¸­ ...
[0m[91m[2021-03-14 14:20:24.553] mysql.go:16 [0m[32måˆå§‹åŒ– Mysql Service...
[0m[91m[2021-03-14 14:20:24.607] console.go:14 [0m[32mgood life memo åˆå§‹åŒ–ä¸­ ...
[0m[91m[2021-03-14 14:21:47.990] mysql.go:16 [0m[32måˆå§‹åŒ– Mysql Service...
[0m[91m[2021-03-14 14:21:48.027] console.go:14 [0m[32mgood life memo åˆå§‹åŒ–ä¸­ ...
[0m[91m[2021-03-14 14:22:56.357] mysql.go:16 [0m[32måˆå§‹åŒ– Mysql Service...
[0m[91m[2021-03-14 14:22:56.395] console.go:14 [0m[32mgood life memo åˆå§‹åŒ–ä¸­ ...
[0m[91m[2021-03-14 14:23:03.136] mysql.go:16 [0m[32måˆå§‹åŒ– Mysql Service...
[0m[91m[2021-03-14 14:23:03.181] console.go:14 [0m[32mgood life memo åˆå§‹åŒ–ä¸­ ...
[0m[91m[2021-03-14 14:23:15.349] service.go:40 [0m[91mè¯¥ç”¨æˆ·æœªæ³¨å†Œ
[0m[91m[2021-03-14 14:43:46.248] mysql.go:16 [0m[32måˆå§‹åŒ– Mysql Service...
[0m[91m[2021-03-14 14:43:46.353] console.go:14 [0m[32mgood life memo åˆå§‹åŒ–ä¸­ ...
[0m[91m[2021-03-14 14:45:50.897] mysql.go:16 [0m[32måˆå§‹åŒ– Mysql Service...
[0m[91m[2021-03-14 14:45:50.933] console.go:14 [0m[32mgood life memo åˆå§‹åŒ–ä¸­ ...
[0m[91m[2021-03-14 14:46:45.479] mysql.go:16 [0m[32måˆå§‹åŒ– Mysql Service...
[0m[91m[2021-03-14 14:46:45.517] console.go:14 [0m[32mgood life memo åˆå§‹åŒ–ä¸­ ...
[0m[91m[2021-03-14 14:47:54.497] mysql.go:16 [0m[32måˆå§‹åŒ– Mysql Service...
[0m[91m[2021-03-14 14:47:54.535] console.go:14 [0m[32mgood life memo åˆå§‹åŒ–ä¸­ ...
[0m[91m[2021-03-14 14:49:07.105] mysql.go:16 [0m[32måˆå§‹åŒ– Mysql Service...
[0m[91m[2021-03-14 14:49:07.140] console.go:14 [0m[32mgood life memo åˆå§‹åŒ–ä¸­ ...
[0m[91m[2021-03-14 14:50:09.932] mysql.go:16 [0m[32måˆå§‹åŒ– Mysql Service...
[0m[91m[2021-03-14 14:50:09.978] console.go:14 [0m[32mgood life memo åˆå§‹åŒ–ä¸­ ...
[0m[91m[2021-03-14 14:56:43.782] mysql.go:16 [0m[32måˆå§‹åŒ– Mysql Service...
[0m[91m[2021-03-14 14:56:43.818] console.go:14 [0m[32mgood life memo åˆå§‹åŒ–ä¸­ ...
[0m[91m[2021-03-14 15:12:26.968] mysql.go:16 [0m[32måˆå§‹åŒ– Mysql Service...
[0m[91m[2021-03-14 15:12:27.013] console.go:14 [0m[32mgood life memo åˆå§‹åŒ–ä¸­ ...
[0m[91m[2021-03-14 15:14:11.194] mysql.go:16 [0m[32måˆå§‹åŒ– Mysql Service...
[0m[91m[2021-03-14 15:14:11.238] console.go:14 [0m[32mgood life memo åˆå§‹åŒ–ä¸­ ...
[0m[91m[2021-03-14 15:15:44.333] mysql.go:16 [0m[32måˆå§‹åŒ– Mysql Service...
[0m[91m[2021-03-14 15:15:44.369] console.go:14 [0m[32mgood life memo åˆå§‹åŒ–ä¸­ ...
[0m[91m[2021-03-14 15:17:48.657] mysql.go:16 [0m[32måˆå§‹åŒ– Mysql Service...
[0m[91m[2021-03-14 15:17:48.696] console.go:14 [0m[32mgood life memo åˆå§‹åŒ–ä¸­ ...
[0m[91m[2021-03-14 15:18:59.526] mysql.go:16 [0m[32måˆå§‹åŒ– Mysql Service...
[0m[91m[2021-03-14 15:18:59.565] console.go:14 [0m[32mgood life memo åˆå§‹åŒ–ä¸­ ...
[0m[91m[2021-03-14 15:19:06.516] service.go:42 [0m[91mè¯¥ç”¨æˆ·æœªæ³¨å†Œ
[0m[91m[2021-03-14 15:20:36.444] mysql.go:16 [0m[32måˆå§‹åŒ– Mysql Service...
[0m[91m[2021-03-14 15:20:36.482] console.go:14 [0m[32mgood life memo åˆå§‹åŒ–ä¸­ ...
[0m[91m[2021-03-14 15:22:05.472] mysql.go:16 [0m[32måˆå§‹åŒ– Mysql Service...
[0m[91m[2021-03-14 15:22:05.512] console.go:14 [0m[32mgood life memo åˆå§‹åŒ–ä¸­ ...
[0m[91m[2021-03-14 15:26:14.819] mysql.go:16 [0m[32måˆå§‹åŒ– Mysql Service...
[0m[91m[2021-03-14 15:26:14.858] console.go:14 [0m[32mgood life memo åˆå§‹åŒ–ä¸­ ...
[0m[91m[2021-03-14 15:27:25.150] mysql.go:16 [0m[32måˆå§‹åŒ– Mysql Service...
[0m[91m[2021-03-14 15:27:25.185] console.go:14 [0m[32mgood life memo åˆå§‹åŒ–ä¸­ ...
[0m[91m[2021-03-14 15:28:40.610] mysql.go:16 [0m[32måˆå§‹åŒ– Mysql Service...
[0m[91m[2021-03-14 15:28:40.648] console.go:14 [0m[32mgood life memo åˆå§‹åŒ–ä¸­ ...
[0m[91m[2021-03-14 15:30:21.682] mysql.go:16 [0m[32måˆå§‹åŒ– Mysql Service...
[0m[91m[2021-03-14 15:30:21.721] console.go:14 [0m[32mgood life memo åˆå§‹åŒ–ä¸­ ...
[0m[91m[2021-03-14 15:35:16.481] mysql.go:16 [0m[32måˆå§‹åŒ– Mysql Service...
[0m[91m[2021-03-14 15:35:16.517] console.go:14 [0m[32mgood life memo åˆå§‹åŒ–ä¸­ ...
[0m[91m[2021-03-14 15:36:29.793] mysql.go:16 [0m[32måˆå§‹åŒ– Mysql Service...
[0m[91m[2021-03-14 15:36:29.831] console.go:14 [0m[32mgood life memo åˆå§‹åŒ–ä¸­ ...
[0m[91m[2021-03-14 15:37:20.748] mysql.go:16 [0m[32måˆå§‹åŒ– Mysql Service...
[0m[91m[2021-03-14 15:37:20.822] console.go:14 [0m[32mgood life memo åˆå§‹åŒ–ä¸­ ...
[0m[91m[2021-03-14 15:37:38.645] mysql.go:16 [0m[32måˆå§‹åŒ– Mysql Service...
[0m[91m[2021-03-14 15:37:38.682] console.go:14 [0m[32mgood life memo åˆå§‹åŒ–ä¸­ ...
[0m[91m[2021-03-14 15:37:41.980] mysql.go:16 [0m[32måˆå§‹åŒ– Mysql Service...
[0m[91m[2021-03-14 15:37:42.017] console.go:14 [0m[32mgood life memo åˆå§‹åŒ–ä¸­ ...
[0m[91m[2021-03-14 15:39:21.609] mysql.go:16 [0m[32måˆå§‹åŒ– Mysql Service...
[0m[91m[2021-03-14 15:39:21.644] console.go:14 [0m[32mgood life memo åˆå§‹åŒ–ä¸­ ...
[0m[91m[2021-03-14 15:40:26.505] mysql.go:16 [0m[32måˆå§‹åŒ– Mysql Service...
[0m[91m[2021-03-14 15:40:26.541] console.go:14 [0m[32mgood life memo åˆå§‹åŒ–ä¸­ ...
[0m[91m[2021-03-14 15:42:03.588] mysql.go:16 [0m[32måˆå§‹åŒ– Mysql Service...
[0m[91m[2021-03-14 15:42:03.628] console.go:14 [0m[32mgood life memo åˆå§‹åŒ–ä¸­ ...
[0m[91m[2021-03-14 15:42:35.713] mysql.go:16 [0m[32måˆå§‹åŒ– Mysql Service...
[0m[91m[2021-03-14 15:42:35.749] console.go:14 [0m[32mgood life memo åˆå§‹åŒ–ä¸­ ...
[0m[91m[2021-03-14 15:44:59.120] mysql.go:16 [0m[32måˆå§‹åŒ– Mysql Service...
[0m[91m[2021-03-14 15:44:59.158] console.go:14 [0m[32mgood life memo åˆå§‹åŒ–ä¸­ ...
[0m[91m[2021-03-14 15:47:29.670] mysql.go:16 [0m[32måˆå§‹åŒ– Mysql Service...
[0m[91m[2021-03-14 15:47:29.708] console.go:14 [0m[32mgood life memo åˆå§‹åŒ–ä¸­ ...
[0m[91m[2021-03-14 15:48:24.555] mysql.go:16 [0m[32måˆå§‹åŒ– Mysql Service...
[0m[91m[2021-03-14 15:48:24.607] console.go:14 [0m[32mgood life memo åˆå§‹åŒ–ä¸­ ...
[0m[91m[2021-03-14 15:48:38.611] mysql.go:16 [0m[32måˆå§‹åŒ– Mysql Service...
[0m[91m[2021-03-14 15:48:38.649] console.go:14 [0m[32mgood life memo åˆå§‹åŒ–ä¸­ ...
[0m[91m[2021-03-14 15:52:10.035] mysql.go:16 [0m[32måˆå§‹åŒ– Mysql Service...
[0m[91m[2021-03-14 15:52:10.074] console.go:14 [0m[32mgood life memo åˆå§‹åŒ–ä¸­ ...
[0m[91m[2021-03-14 15:52:52.252] mysql.go:16 [0m[32måˆå§‹åŒ– Mysql Service...
[0m[91m[2021-03-14 15:52:52.296] console.go:14 [0m[32mgood life memo åˆå§‹åŒ–ä¸­ ...
[0m[91m[2021-03-14 15:53:21.078] mysql.go:16 [0m[32måˆå§‹åŒ– Mysql Service...
[0m[91m[2021-03-14 15:53:21.113] console.go:14 [0m[32mgood life memo åˆå§‹åŒ–ä¸­ ...
[0m[91m[2021-03-14 15:54:46.319] mysql.go:16 [0m[32måˆå§‹åŒ– Mysql Service...
[0m[91m[2021-03-14 15:54:46.354] console.go:14 [0m[32mgood life memo åˆå§‹åŒ–ä¸­ ...
[0m[91m[2021-03-14 15:55:14.490] mysql.go:16 [0m[32måˆå§‹åŒ– Mysql Service...
[0m[91m[2021-03-14 15:55:14.543] console.go:14 [0m[32mgood life memo åˆå§‹åŒ–ä¸­ ...
[0m[91m[2021-03-14 15:56:19.943] mysql.go:16 [0m[32måˆå§‹åŒ– Mysql Service...
[0m[91m[2021-03-14 15:56:19.980] console.go:14 [0m[32mgood life memo åˆå§‹åŒ–ä¸­ ...
[0m[91m[2021-03-14 15:56:40.521] mysql.go:16 [0m[32måˆå§‹åŒ– Mysql Service...
[0m[91m[2021-03-14 15:56:40.558] console.go:14 [0m[32mgood life memo åˆå§‹åŒ–ä¸­ ...
[0m[91m[2021-03-14 15:57:14.355] mysql.go:16 [0m[32måˆå§‹åŒ– Mysql Service...
[0m[91m[2021-03-14 15:57:14.393] console.go:14 [0m[32mgood life memo åˆå§‹åŒ–ä¸­ ...
[0m[91m[2021-03-14 15:57:31.727] mysql.go:16 [0m[32måˆå§‹åŒ– Mysql Service...
[0m[91m[2021-03-14 15:57:31.760] console.go:14 [0m[32mgood life memo åˆå§‹åŒ–ä¸­ ...
[0m[91m[2021-03-14 15:58:47.291] mysql.go:16 [0m[32måˆå§‹åŒ– Mysql Service...
[0m[91m[2021-03-14 15:58:47.329] console.go:14 [0m[32mgood life memo åˆå§‹åŒ–ä¸­ ...
[0m[91m[2021-03-14 15:59:09.495] mysql.go:16 [0m[32måˆå§‹åŒ– Mysql Service...
[0m[91m[2021-03-14 15:59:09.529] console.go:14 [0m[32mgood life memo åˆå§‹åŒ–ä¸­ ...
[0m[91m[2021-03-14 15:59:21.928] mysql.go:16 [0m[32måˆå§‹åŒ– Mysql Service...
[0m[91m[2021-03-14 15:59:21.964] console.go:14 [0m[32mgood life memo åˆå§‹åŒ–ä¸­ ...
[0m[91m[2021-03-14 15:59:50.704] mysql.go:16 [0m[32måˆå§‹åŒ– Mysql Service...
[0m[91m[2021-03-14 15:59:50.742] console.go:14 [0m[32mgood life memo åˆå§‹åŒ–ä¸­ ...
[0m[91m[2021-03-14 16:00:17.008] mysql.go:16 [0m[32måˆå§‹åŒ– Mysql Service...
[0m[91m[2021-03-14 16:00:17.063] console.go:14 [0m[32mgood life memo åˆå§‹åŒ–ä¸­ ...
[0m[91m[2021-03-14 16:01:00.779] mysql.go:16 [0m[32måˆå§‹åŒ– Mysql Service...
[0m[91m[2021-03-14 16:01:00.818] console.go:14 [0m[32mgood life memo åˆå§‹åŒ–ä¸­ ...
[0m[91m[2021-03-14 16:01:22.882] mysql.go:16 [0m[32måˆå§‹åŒ– Mysql Service...
[0m[91m[2021-03-14 16:01:22.917] console.go:14 [0m[32mgood life memo åˆå§‹åŒ–ä¸­ ...
[0m[91m[2021-03-14 16:01:50.207] mysql.go:16 [0m[32måˆå§‹åŒ– Mysql Service...
[0m[91m[2021-03-14 16:01:50.249] console.go:14 [0m[32mgood life memo åˆå§‹åŒ–ä¸­ ...
[0m[91m[2021-03-14 16:02:15.484] mysql.go:16 [0m[32måˆå§‹åŒ– Mysql Service...
[0m[91m[2021-03-14 16:02:15.522] console.go:14 [0m[32mgood life memo åˆå§‹åŒ–ä¸­ ...
[0m[91m[2021-03-14 16:02:49.994] mysql.go:16 [0m[32måˆå§‹åŒ– Mysql Service...
[0m[91m[2021-03-14 16:02:50.031] console.go:14 [0m[32mgood life memo åˆå§‹åŒ–ä¸­ ...
[0m[91m[2021-03-14 16:04:35.974] mysql.go:16 [0m[32måˆå§‹åŒ– Mysql Service...
[0m[91m[2021-03-14 16:04:36.011] console.go:14 [0m[32mgood life memo åˆå§‹åŒ–ä¸­ ...
[0m[91m[2021-03-14 16:36:32.748] mysql.go:16 [0m[32måˆå§‹åŒ– Mysql Service...
[0m[91m[2021-03-14 16:36:32.786] console.go:14 [0m[32mgood life memo åˆå§‹åŒ–ä¸­ ...
[0m[91m[2021-03-14 16:37:57.011] mysql.go:16 [0m[32måˆå§‹åŒ– Mysql Service...
[0m[91m[2021-03-14 16:37:57.051] console.go:14 [0m[32mgood life memo åˆå§‹åŒ–ä¸­ ...
[0m[91m[2021-03-14 16:48:29.219] mysql.go:16 [0m[32måˆå§‹åŒ– Mysql Service...
[0m[91m[2021-03-14 16:48:29.260] console.go:14 [0m[32mgood life memo åˆå§‹åŒ–ä¸­ ...
[0m[91m[2021-03-14 16:49:01.071] mysql.go:16 [0m[32måˆå§‹åŒ– Mysql Service...
[0m[91m[2021-03-14 16:49:01.109] console.go:14 [0m[32mgood life memo åˆå§‹åŒ–ä¸­ ...
[0m[91m[2021-03-14 16:49:29.819] mysql.go:16 [0m[32måˆå§‹åŒ– Mysql Service...
[0m[91m[2021-03-14 16:49:29.858] console.go:14 [0m[32mgood life memo åˆå§‹åŒ–ä¸­ ...
[0m[91m[2021-03-14 16:52:18.745] mysql.go:16 [0m[32måˆå§‹åŒ– Mysql Service...
[0m[91m[2021-03-14 16:52:18.785] console.go:14 [0m[32mgood life memo åˆå§‹åŒ–ä¸­ ...
[0m[91m[2021-03-14 16:54:15.567] mysql.go:16 [0m[32måˆå§‹åŒ– Mysql Service...
[0m[91m[2021-03-14 16:54:15.602] console.go:14 [0m[32mgood life memo åˆå§‹åŒ–ä¸­ ...
[0m[91m[2021-03-14 16:55:44.385] mysql.go:16 [0m[32måˆå§‹åŒ– Mysql Service...
[0m[91m[2021-03-14 16:55:44.421] console.go:14 [0m[32mgood life memo åˆå§‹åŒ–ä¸­ ...
[0m[91m[2021-03-14 16:56:15.189] mysql.go:16 [0m[32måˆå§‹åŒ– Mysql Service...
[0m[91m[2021-03-14 16:56:15.225] console.go:14 [0m[32mgood life memo åˆå§‹åŒ–ä¸­ ...
[0m[91m[2021-03-14 16:57:14.332] mysql.go:16 [0m[32måˆå§‹åŒ– Mysql Service...
[0m[91m[2021-03-14 16:57:14.372] console.go:14 [0m[32mgood life memo åˆå§‹åŒ–ä¸­ ...
[0m[91m[2021-03-14 16:57:47.038] mysql.go:16 [0m[32måˆå§‹åŒ– Mysql Service...
[0m[91m[2021-03-14 16:57:47.076] console.go:14 [0m[32mgood life memo åˆå§‹åŒ–ä¸­ ...
[0m[91m[2021-03-14 16:57:50.407] service.go:53 [0m[36m123 123
[0m[91m[2021-03-14 17:05:09.100] mysql.go:16 [0m[32måˆå§‹åŒ– Mysql Service...
[0m[91m[2021-03-14 17:05:09.158] console.go:14 [0m[32mgood life memo åˆå§‹åŒ–ä¸­ ...
[0m[91m[2021-03-14 17:16:37.607] mysql.go:16 [0m[32måˆå§‹åŒ– Mysql Service...
[0m[91m[2021-03-14 17:16:37.647] console.go:14 [0m[32mgood life memo åˆå§‹åŒ–ä¸­ ...
[0m[91m[2021-03-14 17:17:38.171] mysql.go:16 [0m[32måˆå§‹åŒ– Mysql Service...
[0m[91m[2021-03-14 17:17:38.210] console.go:14 [0m[32mgood life memo åˆå§‹åŒ–ä¸­ ...
[0m[91m[2021-03-14 17:18:09.993] mysql.go:16 [0m[32måˆå§‹åŒ– Mysql Service...
[0m[91m[2021-03-14 17:18:10.033] console.go:14 [0m[32mgood life memo åˆå§‹åŒ–ä¸­ ...
[0m[91m[2021-03-14 17:18:37.610] mysql.go:16 [0m[32måˆå§‹åŒ– Mysql Service...
[0m[91m[2021-03-14 17:18:37.649] console.go:14 [0m[32mgood life memo åˆå§‹åŒ–ä¸­ ...
[0m[91m[2021-03-14 17:18:39.631] service.go:126 [0m[91mError 1406: Data too long for column 'update_time' at row 1
[0m[91m[2021-03-14 17:33:05.847] mysql.go:16 [0m[32måˆå§‹åŒ– Mysql Service...
[0m[91m[2021-03-14 17:33:05.960] console.go:14 [0m[32mgood life memo åˆå§‹åŒ–ä¸­ ...
[0m[91m[2021-03-14 17:34:21.818] mysql.go:16 [0m[32måˆå§‹åŒ– Mysql Service...
[0m[91m[2021-03-14 17:34:21.858] console.go:14 [0m[32mgood life memo åˆå§‹åŒ–ä¸­ ...
[0m[91m[2021-03-14 17:34:23.188] service.go:61 [0m[91mError 1136: Column count doesn't match value count at row 1
[0m[91m[2021-03-14 17:34:53.049] mysql.go:16 [0m[32måˆå§‹åŒ– Mysql Service...
[0m[91m[2021-03-14 17:34:53.088] console.go:14 [0m[32mgood life memo åˆå§‹åŒ–ä¸­ ...
[0m[91m[2021-03-14 17:34:53.823] service.go:68 [0m[91mError 1292: Incorrect datetime value: '1615714493' for column 'date' at row 1
[0m[91m[2021-03-14 17:36:07.484] mysql.go:16 [0m[32måˆå§‹åŒ– Mysql Service...
[0m[91m[2021-03-14 17:36:07.584] console.go:14 [0m[32mgood life memo åˆå§‹åŒ–ä¸­ ...
[0m[91m[2021-03-14 17:36:15.740] service.go:39 [0m[91msql: expected 4 destination arguments in Scan, not 3
[0m[91m[2021-03-14 17:41:36.406] mysql.go:16 [0m[32måˆå§‹åŒ– Mysql Service...
[0m[91m[2021-03-14 17:41:36.516] console.go:14 [0m[32mgood life memo åˆå§‹åŒ–ä¸­ ...
[0m[91m[2021-03-14 17:41:51.689] mysql.go:16 [0m[32måˆå§‹åŒ– Mysql Service...
[0m[91m[2021-03-14 17:41:51.726] console.go:14 [0m[32mgood life memo åˆå§‹åŒ–ä¸­ ...
[0m[91m[2021-03-14 17:42:11.550] mysql.go:16 [0m[32måˆå§‹åŒ– Mysql Service...
[0m[91m[2021-03-14 17:42:11.654] console.go:14 [0m[32mgood life memo åˆå§‹åŒ–ä¸­ ...
[0m[91m[2021-03-14 17:43:05.191] mysql.go:16 [0m[32måˆå§‹åŒ– Mysql Service...
[0m[91m[2021-03-14 17:43:05.230] console.go:14 [0m[32mgood life memo åˆå§‹åŒ–ä¸­ ...
[0m[91m[2021-03-14 17:43:26.174] service.go:126 [0m[91mError 1452: Cannot add or update a child row: a foreign key constraint fails (`good_life_memo`.`record`, CONSTRAINT `record_ibfk_1` FOREIGN KEY (`user_id`) REFERENCES `user` (`uuid`))
[0m[91m[2021-03-14 17:44:58.670] mysql.go:16 [0m[32måˆå§‹åŒ– Mysql Service...
[0m[91m[2021-03-14 17:44:58.707] console.go:14 [0m[32mgood life memo åˆå§‹åŒ–ä¸­ ...
[0m[91m[2021-03-14 17:46:26.852] mysql.go:16 [0m[32måˆå§‹åŒ– Mysql Service...
[0m[91m[2021-03-14 17:46:26.895] console.go:14 [0m[32mgood life memo åˆå§‹åŒ–ä¸­ ...
[0m[91m[2021-03-14 17:46:39.634] mysql.go:16 [0m[32måˆå§‹åŒ– Mysql Service...
[0m[91m[2021-03-14 17:46:39.673] console.go:14 [0m[32mgood life memo åˆå§‹åŒ–ä¸­ ...
[0m[91m[2021-03-14 17:48:33.332] service.go:126 [0m[91mError 1452: Cannot add or update a child row: a foreign key constraint fails (`good_life_memo`.`record`, CONSTRAINT `record_ibfk_1` FOREIGN KEY (`user_id`) REFERENCES `user` (`uuid`))
[0m[91m[2021-03-14 17:49:29.931] mysql.go:16 [0m[32måˆå§‹åŒ– Mysql Service...
[0m[91m[2021-03-14 17:49:29.967] console.go:14 [0m[32mgood life memo åˆå§‹åŒ–ä¸­ ...
[0m[91m[2021-03-14 17:50:29.821] mysql.go:16 [0m[32måˆå§‹åŒ– Mysql Service...
[0m[91m[2021-03-14 17:50:29.861] console.go:14 [0m[32mgood life memo åˆå§‹åŒ–ä¸­ ...
[0m[91m[2021-03-14 17:51:07.095] mysql.go:16 [0m[32måˆå§‹åŒ– Mysql Service...
[0m[91m[2021-03-14 17:51:07.135] console.go:14 [0m[32mgood life memo åˆå§‹åŒ–ä¸­ ...
[0m[91m[2021-03-14 18:00:25.418] mysql.go:16 [0m[32måˆå§‹åŒ– Mysql Service...
[0m[91m[2021-03-14 18:00:25.458] console.go:14 [0m[32mgood life memo åˆå§‹åŒ–ä¸­ ...
[0m[91m[2021-03-14 18:00:32.629] mysql.go:16 [0m[32måˆå§‹åŒ– Mysql Service...
[0m[91m[2021-03-14 18:00:32.746] console.go:14 [0m[32mgood life memo åˆå§‹åŒ–ä¸­ ...
[0m[91m[2021-03-14 18:02:31.206] mysql.go:16 [0m[32måˆå§‹åŒ– Mysql Service...
[0m[91m[2021-03-14 18:02:31.247] console.go:14 [0m[32mgood life memo åˆå§‹åŒ–ä¸­ ...
[0m[91m[2021-03-14 18:07:48.318] mysql.go:16 [0m[32måˆå§‹åŒ– Mysql Service...
[0m[91m[2021-03-14 18:07:48.356] console.go:14 [0m[32mgood life memo åˆå§‹åŒ–ä¸­ ...
[0m[91m[2021-03-14 18:09:35.650] mysql.go:16 [0m[32måˆå§‹åŒ– Mysql Service...
[0m[91m[2021-03-14 18:09:35.690] console.go:14 [0m[32mgood life memo åˆå§‹åŒ–ä¸­ ...
[0m[91m[2021-03-14 18:09:46.022] mysql.go:16 [0m[32måˆå§‹åŒ– Mysql Service...
[0m[91m[2021-03-14 18:09:46.066] console.go:14 [0m[32mgood life memo åˆå§‹åŒ–ä¸­ ...
[0m[91m[2021-03-14 18:09:55.534] mysql.go:16 [0m[32måˆå§‹åŒ– Mysql Service...
[0m[91m[2021-03-14 18:09:55.571] console.go:14 [0m[32mgood life memo åˆå§‹åŒ–ä¸­ ...
[0m[91m[2021-03-14 18:10:20.226] mysql.go:16 [0m[32måˆå§‹åŒ– Mysql Service...
[0m[91m[2021-03-14 18:10:20.266] console.go:14 [0m[32mgood life memo åˆå§‹åŒ–ä¸­ ...
[0m[91m[2021-03-14 18:14:12.236] mysql.go:16 [0m[32måˆå§‹åŒ– Mysql Service...
[0m[91m[2021-03-14 18:14:12.278] console.go:14 [0m[32mgood life memo åˆå§‹åŒ–ä¸­ ...
[0m[91m[2021-03-14 18:15:02.799] mysql.go:16 [0m[32måˆå§‹åŒ– Mysql Service...
[0m[91m[2021-03-14 18:15:02.836] console.go:14 [0m[32mgood life memo åˆå§‹åŒ–ä¸­ ...
[0m[91m[2021-03-14 18:16:08.506] mysql.go:16 [0m[32måˆå§‹åŒ– Mysql Service...
[0m[91m[2021-03-14 18:16:08.546] console.go:14 [0m[32mgood life memo åˆå§‹åŒ–ä¸­ ...
[0m[91m[2021-03-14 18:16:30.466] service.go:128 [0m[91mError 1406: Data too long for column 'text' at row 1
[0m[91m[2021-03-14 18:16:42.544] service.go:128 [0m[91mError 1406: Data too long for column 'text' at row 1
[0m[91m[2021-03-14 18:19:13.979] mysql.go:16 [0m[32måˆå§‹åŒ– Mysql Service...
[0m[91m[2021-03-14 18:19:14.137] console.go:14 [0m[32mgood life memo åˆå§‹åŒ–ä¸­ ...
[0m[91m[2021-03-14 18:28:12.208] mysql.go:16 [0m[32måˆå§‹åŒ– Mysql Service...
[0m[91m[2021-03-14 18:28:12.246] console.go:14 [0m[32mgood life memo åˆå§‹åŒ–ä¸­ ...
[0m[91m[2021-03-14 18:31:23.338] mysql.go:16 [0m[32måˆå§‹åŒ– Mysql Service...
[0m[91m[2021-03-14 18:31:23.379] console.go:14 [0m[32mgood life memo åˆå§‹åŒ–ä¸­ ...
[0m[91m[2021-03-14 18:50:18.358] mysql.go:16 [0m[32måˆå§‹åŒ– Mysql Service...
[0m[91m[2021-03-14 18:50:18.411] console.go:14 [0m[32mgood life memo åˆå§‹åŒ–ä¸­ ...
[0m[91m[2021-03-14 18:50:50.800] mysql.go:16 [0m[32måˆå§‹åŒ– Mysql Service...
[0m[91m[2021-03-14 18:50:50.838] console.go:14 [0m[32mgood life memo åˆå§‹åŒ–ä¸­ ...
[0m[91m[2021-03-14 18:51:36.589] mysql.go:16 [0m[32måˆå§‹åŒ– Mysql Service...
[0m[91m[2021-03-14 18:51:36.627] console.go:14 [0m[32mgood life memo åˆå§‹åŒ–ä¸­ ...
[0m[91m[2021-03-14 18:52:36.213] mysql.go:16 [0m[32måˆå§‹åŒ– Mysql Service...
[0m[91m[2021-03-14 18:52:36.253] console.go:14 [0m[32mgood life memo åˆå§‹åŒ–ä¸­ ...
[0m[91m[2021-03-14 18:54:28.387] mysql.go:16 [0m[32måˆå§‹åŒ– Mysql Service...
[0m[91m[2021-03-14 18:54:28.423] console.go:14 [0m[32mgood life memo åˆå§‹åŒ–ä¸­ ...
[0m[91m[2021-03-14 18:55:09.029] mysql.go:16 [0m[32måˆå§‹åŒ– Mysql Service...
[0m[91m[2021-03-14 18:55:09.065] console.go:14 [0m[32mgood life memo åˆå§‹åŒ–ä¸­ ...
[0m[91m[2021-03-14 18:55:59.151] mysql.go:16 [0m[32måˆå§‹åŒ– Mysql Service...
[0m[91m[2021-03-14 18:55:59.188] console.go:14 [0m[32mgood life memo åˆå§‹åŒ–ä¸­ ...
[0m[91m[2021-03-14 18:57:35.612] mysql.go:16 [0m[32måˆå§‹åŒ– Mysql Service...
[0m[91m[2021-03-14 18:57:35.654] console.go:14 [0m[32mgood life memo åˆå§‹åŒ–ä¸­ ...
[0m[91m[2021-03-14 18:58:25.795] mysql.go:16 [0m[32måˆå§‹åŒ– Mysql Service...
[0m[91m[2021-03-14 18:58:25.838] console.go:14 [0m[32mgood life memo åˆå§‹åŒ–ä¸­ ...
[0m[91m[2021-03-14 18:58:40.438] mysql.go:16 [0m[32måˆå§‹åŒ– Mysql Service...
[0m[91m[2021-03-14 18:58:40.478] console.go:14 [0m[32mgood life memo åˆå§‹åŒ–ä¸­ ...
[0m[91m[2021-03-14 18:59:09.957] mysql.go:16 [0m[32måˆå§‹åŒ– Mysql Service...
[0m[91m[2021-03-14 18:59:09.994] console.go:14 [0m[32mgood life memo åˆå§‹åŒ–ä¸­ ...
[0m[91m[2021-03-14 19:00:15.125] mysql.go:16 [0m[32måˆå§‹åŒ– Mysql Service...
[0m[91m[2021-03-14 19:00:15.163] console.go:14 [0m[32mgood life memo åˆå§‹åŒ–ä¸­ ...
[0m[91m[2021-03-14 19:00:24.881] mysql.go:16 [0m[32måˆå§‹åŒ– Mysql Service...
[0m[91m[2021-03-14 19:00:24.918] console.go:14 [0m[32mgood life memo åˆå§‹åŒ–ä¸­ ...
[0m[91m[2021-03-14 19:07:32.321] mysql.go:16 [0m[32måˆå§‹åŒ– Mysql Service...
[0m[91m[2021-03-14 19:07:32.358] console.go:14 [0m[32mgood life memo åˆå§‹åŒ–ä¸­ ...
[0m[91m[2021-03-14 19:08:51.223] mysql.go:16 [0m[32måˆå§‹åŒ– Mysql Service...
[0m[91m[2021-03-14 19:08:51.272] console.go:14 [0m[32mgood life memo åˆå§‹åŒ–ä¸­ ...
[0m[91m[2021-03-14 19:09:56.321] mysql.go:16 [0m[32måˆå§‹åŒ– Mysql Service...
[0m[91m[2021-03-14 19:09:56.363] console.go:14 [0m[32mgood life memo åˆå§‹åŒ–ä¸­ ...
[0m[91m[2021-03-14 19:11:10.482] mysql.go:16 [0m[32måˆå§‹åŒ– Mysql Service...
[0m[91m[2021-03-14 19:11:10.521] console.go:14 [0m[32mgood life memo åˆå§‹åŒ–ä¸­ ...
[0m[91m[2021-03-14 19:12:53.756] mysql.go:16 [0m[32måˆå§‹åŒ– Mysql Service...
[0m[91m[2021-03-14 19:12:53.793] console.go:14 [0m[32mgood life memo åˆå§‹åŒ–ä¸­ ...
[0m[91m[2021-03-14 19:13:13.197] mysql.go:16 [0m[32måˆå§‹åŒ– Mysql Service...
[0m[91m[2021-03-14 19:13:13.236] console.go:14 [0m[32mgood life memo åˆå§‹åŒ–ä¸­ ...
[0m[91m[2021-03-14 19:13:56.097] mysql.go:16 [0m[32måˆå§‹åŒ– Mysql Service...
[0m[91m[2021-03-14 19:13:56.136] console.go:14 [0m[32mgood life memo åˆå§‹åŒ–ä¸­ ...
[0m[91m[2021-03-14 19:14:38.020] mysql.go:16 [0m[32måˆå§‹åŒ– Mysql Service...
[0m[91m[2021-03-14 19:14:38.059] console.go:14 [0m[32mgood life memo åˆå§‹åŒ–ä¸­ ...
[0m[91m[2021-03-14 19:14:47.635] mysql.go:16 [0m[32måˆå§‹åŒ– Mysql Service...
[0m[91m[2021-03-14 19:14:47.673] console.go:14 [0m[32mgood life memo åˆå§‹åŒ–ä¸­ ...
[0m[91m[2021-03-14 19:15:01.323] mysql.go:16 [0m[32måˆå§‹åŒ– Mysql Service...
[0m[91m[2021-03-14 19:15:01.359] console.go:14 [0m[32mgood life memo åˆå§‹åŒ–ä¸­ ...
[0m[91m[2021-03-14 19:15:16.276] mysql.go:16 [0m[32måˆå§‹åŒ– Mysql Service...
[0m[91m[2021-03-14 19:15:16.313] console.go:14 [0m[32mgood life memo åˆå§‹åŒ–ä¸­ ...
[0m[91m[2021-03-14 19:15:27.582] mysql.go:16 [0m[32måˆå§‹åŒ– Mysql Service...
[0m[91m[2021-03-14 19:15:27.620] console.go:14 [0m[32mgood life memo åˆå§‹åŒ–ä¸­ ...
[0m[91m[2021-03-14 19:15:41.389] mysql.go:16 [0m[32måˆå§‹åŒ– Mysql Service...
[0m[91m[2021-03-14 19:15:41.427] console.go:14 [0m[32mgood life memo åˆå§‹åŒ–ä¸­ ...
[0m[91m[2021-03-14 19:23:39.280] mysql.go:16 [0m[32måˆå§‹åŒ– Mysql Service...
[0m[91m[2021-03-14 19:23:39.348] console.go:14 [0m[32mgood life memo åˆå§‹åŒ–ä¸­ ...
[0m[91m[2021-03-14 19:24:45.428] mysql.go:16 [0m[32måˆå§‹åŒ– Mysql Service...
[0m[91m[2021-03-14 19:24:45.560] console.go:14 [0m[32mgood life memo åˆå§‹åŒ–ä¸­ ...
[0m[91m[2021-03-14 19:27:02.282] mysql.go:16 [0m[32måˆå§‹åŒ– Mysql Service...
[0m[91m[2021-03-14 19:27:02.320] console.go:14 [0m[32mgood life memo åˆå§‹åŒ–ä¸­ ...
[0m[91m[2021-03-14 19:27:07.512] service.go:148 [0m[36m 
[0m[91m[2021-03-14 19:27:34.123] mysql.go:16 [0m[32måˆå§‹åŒ– Mysql Service...
[0m[91m[2021-03-14 19:27:34.195] console.go:14 [0m[32mgood life memo åˆå§‹åŒ–ä¸­ ...
[0m[91m[2021-03-14 19:27:37.202] service.go:148 [0m[36m 
[0m[91m[2021-03-14 19:31:36.468] mysql.go:16 [0m[32måˆå§‹åŒ– Mysql Service...
[0m[91m[2021-03-14 19:31:36.506] console.go:14 [0m[32mgood life memo åˆå§‹åŒ–ä¸­ ...
[0m[91m[2021-03-14 19:32:22.600] mysql.go:16 [0m[32måˆå§‹åŒ– Mysql Service...
[0m[91m[2021-03-14 19:32:22.682] console.go:14 [0m[32mgood life memo åˆå§‹åŒ–ä¸­ ...
[0m[91m[2021-03-14 19:33:06.409] mysql.go:16 [0m[32måˆå§‹åŒ– Mysql Service...
[0m[91m[2021-03-14 19:33:06.446] console.go:14 [0m[32mgood life memo åˆå§‹åŒ–ä¸­ ...
[0m[91m[2021-03-14 19:33:34.328] service.go:151 [0m[36m Text Text Text Text Text Text Text Text Text Text Text Text Text Text Text Text Text Text Text Text Text Text Text Text Text Text Text Text Text Text Text Text Text Text Text Text Text Text Text Text Text Text Text Text Text Text Text Text Text Text Text Text Text Text Text Text Text Text Text Text Text Text Text Text Text Text Text Text Text Text Text Text Text Text Text Text Text Text Text Text Text Text Text Text Text Text Text Text Text Text Text Text Text Text Text Text Text Text Text Text Text Text Text Text Text Text Text Text Text Text Text 
[0m[91m[2021-03-14 19:33:34.336] service.go:162 [0m[91mError 1452: Cannot add or update a child row: a foreign key constraint fails (`good_life_memo`.`record`, CONSTRAINT `record_ibfk_1` FOREIGN KEY (`user_id`) REFERENCES `user` (`uuid`))
[0m[91m[2021-03-14 19:33:48.855] service.go:151 [0m[36m Text Text Text Text Text Text Text Text Text Text Text Text Text Text Text Text Text Text Text Text Text Text Text Text Text Text Text Text Text Text Text Text Text Text Text Text Text Text Text Text Text Text Text Text Text Text Text Text Text Text Text Text Text Text Text Text Text Text Text Text Text Text Text Text Text Text Text Text Text Text Text Text Text Text Text Text Text Text Text Text Text Text Text Text Text Text Text Text Text Text Text Text Text Text Text Text Text Text Text Text Text Text Text Text Text Text Text Text Text Text Text 
[0m[91m[2021-03-14 19:34:39.881] service.go:162 [0m[91mError 1205: Lock wait timeout exceeded; try restarting transaction
[0m[91m[2021-03-14 19:35:24.120] mysql.go:16 [0m[32måˆå§‹åŒ– Mysql Service...
[0m[91m[2021-03-14 19:35:24.163] console.go:14 [0m[32mgood life memo åˆå§‹åŒ–ä¸­ ...
[0m[91m[2021-03-14 19:36:24.518] mysql.go:16 [0m[32måˆå§‹åŒ– Mysql Service...
[0m[91m[2021-03-14 19:36:24.557] console.go:14 [0m[32mgood life memo åˆå§‹åŒ–ä¸­ ...
[0m[91m[2021-03-14 19:41:04.664] mysql.go:16 [0m[32måˆå§‹åŒ– Mysql Service...
[0m[91m[2021-03-14 19:41:04.702] console.go:14 [0m[32mgood life memo åˆå§‹åŒ–ä¸­ ...
[0m[91m[2021-03-14 19:41:06.733] service.go:148 [0m[91mcode=400, message=Unmarshal type error: expected=string, got=object, field=, offset=11
[0m[91m[2021-03-14 19:43:14.671] mysql.go:16 [0m[32måˆå§‹åŒ– Mysql Service...
[0m[91m[2021-03-14 19:43:14.711] console.go:14 [0m[32mgood life memo åˆå§‹åŒ–ä¸­ ...
[0m[91m[2021-03-14 19:43:19.723] service.go:154 [0m[32m&{ }
[0m[91m[2021-03-14 19:43:31.739] service.go:154 [0m[32m&{1 1}
[0m[91m[2021-03-14 19:43:31.740] service.go:162 [0m[36m1 1
[0m[91m[2021-03-14 19:43:31.751] service.go:173 [0m[91mError 1452: Cannot add or update a child row: a foreign key constraint fails (`good_life_memo`.`record`, CONSTRAINT `record_ibfk_1` FOREIGN KEY (`user_id`) REFERENCES `user` (`uuid`))
[0m[91m[2021-03-14 19:44:36.021] mysql.go:16 [0m[32måˆå§‹åŒ– Mysql Service...
[0m[91m[2021-03-14 19:44:36.061] console.go:14 [0m[32mgood life memo åˆå§‹åŒ–ä¸­ ...
[0m[91m[2021-03-14 19:44:42.636] service.go:154 [0m[32m&{123 123}
[0m[91m[2021-03-14 19:44:42.636] service.go:162 [0m[36m123 123
[0m[91m[2021-03-14 19:45:12.662] mysql.go:16 [0m[32måˆå§‹åŒ– Mysql Service...
[0m[91m[2021-03-14 19:45:12.701] console.go:14 [0m[32mgood life memo åˆå§‹åŒ–ä¸­ ...
[0m[91m[2021-03-14 19:47:42.879] mysql.go:16 [0m[32måˆå§‹åŒ– Mysql Service...
[0m[91m[2021-03-14 19:47:42.917] console.go:14 [0m[32mgood life memo åˆå§‹åŒ–ä¸­ ...
[0m[91m[2021-03-14 19:49:13.131] mysql.go:16 [0m[32måˆå§‹åŒ– Mysql Service...
[0m[91m[2021-03-14 19:49:13.174] console.go:14 [0m[32mgood life memo åˆå§‹åŒ–ä¸­ ...
[0m[91m[2021-03-14 19:49:45.316] mysql.go:16 [0m[32måˆå§‹åŒ– Mysql Service...
[0m[91m[2021-03-14 19:49:45.355] console.go:14 [0m[32mgood life memo åˆå§‹åŒ–ä¸­ ...
[0m[91m[2021-03-14 19:50:05.855] service.go:154 [0m[32m&{a a}
[0m[91m[2021-03-14 19:50:10.472] service.go:154 [0m[32m&{a a}
[0m[91m[2021-03-14 19:50:10.477] service.go:167 [0m[91mError 1452: Cannot add or update a child row: a foreign key constraint fails (`good_life_memo`.`record`, CONSTRAINT `record_ibfk_1` FOREIGN KEY (`user_id`) REFERENCES `user` (`uuid`))
[0m[91m[2021-03-14 19:50:22.023] service.go:154 [0m[32m&{a a}
[0m[91m[2021-03-14 19:50:40.849] service.go:154 [0m[32m&{1 1}
[0m[91m[2021-03-14 19:50:54.898] service.go:154 [0m[32m&{1 1}
[0m[91m[2021-03-14 19:51:12.867] service.go:167 [0m[91mError 1205: Lock wait timeout exceeded; try restarting transaction
[0m[91m[2021-03-14 19:51:31.877] service.go:167 [0m[91mError 1205: Lock wait timeout exceeded; try restarting transaction
[0m[91m[2021-03-14 19:55:19.144] mysql.go:16 [0m[32måˆå§‹åŒ– Mysql Service...
[0m[91m[2021-03-14 19:55:19.184] console.go:14 [0m[32mgood life memo åˆå§‹åŒ–ä¸­ ...
[0m[91m[2021-03-14 19:56:57.537] mysql.go:16 [0m[32måˆå§‹åŒ– Mysql Service...
[0m[91m[2021-03-14 19:56:57.587] console.go:14 [0m[32mgood life memo åˆå§‹åŒ–ä¸­ ...
[0m[91m[2021-03-14 19:57:32.268] mysql.go:16 [0m[32måˆå§‹åŒ– Mysql Service...
[0m[91m[2021-03-14 19:57:32.308] console.go:14 [0m[32mgood life memo åˆå§‹åŒ–ä¸­ ...
[0m[91m[2021-03-14 19:59:25.880] mysql.go:16 [0m[32måˆå§‹åŒ– Mysql Service...
[0m[91m[2021-03-14 19:59:25.918] console.go:14 [0m[32mgood life memo åˆå§‹åŒ–ä¸­ ...
[0m[91m[2021-03-14 19:59:40.029] service.go:154 [0m[32m&{123 123}
[0m[91m[2021-03-14 20:00:05.660] service.go:154 [0m[32m&{123123 1231231}
[0m[91m[2021-03-14 20:00:05.665] service.go:167 [0m[91mError 1452: Cannot add or update a child row: a foreign key constraint fails (`good_life_memo`.`record`, CONSTRAINT `record_ibfk_1` FOREIGN KEY (`user_id`) REFERENCES `user` (`uuid`))
[0m[91m[2021-03-14 20:01:30.976] mysql.go:16 [0m[32måˆå§‹åŒ– Mysql Service...
[0m[91m[2021-03-14 20:01:31.013] console.go:14 [0m[32mgood life memo åˆå§‹åŒ–ä¸­ ...
[0m[91m[2021-03-14 20:01:34.615] service.go:154 [0m[32m&{123 123}
[0m[91m[2021-03-14 20:01:34.617] service.go:167 [0m[91mError 1452: Cannot add or update a child row: a foreign key constraint fails (`good_life_memo`.`record`, CONSTRAINT `record_ibfk_1` FOREIGN KEY (`user_id`) REFERENCES `user` (`uuid`))
[0m[91m[2021-03-14 20:01:43.604] service.go:154 [0m[32m&{123 123}
[0m[91m[2021-03-14 20:01:51.276] service.go:154 [0m[32m&{ }
[0m[91m[2021-03-14 20:02:05.606] mysql.go:16 [0m[32måˆå§‹åŒ– Mysql Service...
[0m[91m[2021-03-14 20:02:05.644] console.go:14 [0m[32mgood life memo åˆå§‹åŒ–ä¸­ ...
[0m[91m[2021-03-14 20:02:21.308] service.go:154 [0m[32m&{asdasdad adasdasdas}
[0m[91m[2021-03-14 20:02:36.863] service.go:154 [0m[32m&{123 123}
[0m[91m[2021-03-14 20:03:38.547] service.go:154 [0m[32m&{123 123}
[0m[91m[2021-03-14 20:03:44.445] service.go:154 [0m[32m&{123 123}
[0m[91m[2021-03-14 20:03:52.524] service.go:154 [0m[32m&{123 123}
[0m[91m[2021-03-14 20:03:58.572] service.go:154 [0m[32m&{123 123}
[0m[91m[2021-03-14 20:07:04.902] mysql.go:16 [0m[32måˆå§‹åŒ– Mysql Service...
[0m[91m[2021-03-14 20:07:04.940] console.go:14 [0m[32mgood life memo åˆå§‹åŒ–ä¸­ ...
[0m[91m[2021-03-14 20:07:23.462] mysql.go:16 [0m[32måˆå§‹åŒ– Mysql Service...
[0m[91m[2021-03-14 20:07:23.499] console.go:14 [0m[32mgood life memo åˆå§‹åŒ–ä¸­ ...
[0m[91m[2021-03-14 20:07:39.883] mysql.go:16 [0m[32måˆå§‹åŒ– Mysql Service...
[0m[91m[2021-03-14 20:07:39.938] console.go:14 [0m[32mgood life memo åˆå§‹åŒ–ä¸­ ...
[0m[91m[2021-03-14 20:09:09.998] mysql.go:16 [0m[32måˆå§‹åŒ– Mysql Service...
[0m[91m[2021-03-14 20:09:10.104] console.go:14 [0m[32mgood life memo åˆå§‹åŒ–ä¸­ ...
[0m[91m[2021-03-14 20:10:12.922] service.go:154 [0m[32m&{ä»Šå¤©çš„çŠ¶æ€ æ”¶è·é¢‡å¤šï¼~æ”¶è·é¢‡å¤šï¼~æ”¶è·é¢‡å¤šï¼~æ”¶è·é¢‡å¤šï¼~æ”¶è·é¢‡å¤šï¼~æ”¶è·é¢‡å¤šï¼~æ”¶è·é¢‡å¤šï¼~æ”¶è·é¢‡å¤šï¼~æ”¶è·é¢‡å¤šï¼~æ”¶è·é¢‡å¤šï¼~æ”¶è·é¢‡å¤šï¼~æ”¶è·é¢‡å¤šï¼~æ”¶è·é¢‡å¤šï¼~æ”¶è·é¢‡å¤šï¼~æ”¶è·é¢‡å¤šï¼~æ”¶è·é¢‡å¤šï¼~æ”¶è·é¢‡å¤šï¼~æ”¶è·é¢‡å¤šï¼~æ”¶è·é¢‡å¤šï¼~æ”¶è·é¢‡å¤šï¼~æ”¶è·é¢‡å¤šï¼~æ”¶è·é¢‡å¤šï¼~æ”¶è·é¢‡å¤šï¼~æ”¶è·é¢‡å¤šï¼~æ”¶è·é¢‡å¤šï¼~æ”¶è·é¢‡å¤šï¼~æ”¶è·é¢‡å¤šï¼~æ”¶è·é¢‡å¤šï¼~æ”¶è·é¢‡å¤šï¼~æ”¶è·é¢‡å¤šï¼~æ”¶è·é¢‡å¤šï¼~æ”¶è·é¢‡å¤šï¼~æ”¶è·é¢‡å¤šï¼~æ”¶è·é¢‡å¤šï¼~æ”¶è·é¢‡å¤šï¼~æ”¶è·é¢‡å¤šï¼~æ”¶è·é¢‡å¤šï¼~æ”¶è·é¢‡å¤šï¼~æ”¶è·é¢‡å¤šï¼~æ”¶è·é¢‡å¤šï¼~æ”¶è·é¢‡å¤šï¼~æ”¶è·é¢‡å¤šï¼~æ”¶è·é¢‡å¤šï¼~æ”¶è·é¢‡å¤šï¼~æ”¶è·é¢‡å¤šï¼~æ”¶è·é¢‡å¤šï¼~æ”¶è·é¢‡å¤šï¼~æ”¶è·é¢‡å¤šï¼~æ”¶è·é¢‡å¤šï¼~æ”¶è·é¢‡å¤šï¼~æ”¶è·é¢‡å¤šï¼~æ”¶è·é¢‡å¤šï¼~æ”¶è·é¢‡å¤šï¼~æ”¶è·é¢‡å¤šï¼~æ”¶è·é¢‡å¤šï¼~æ”¶è·é¢‡å¤šï¼~æ”¶è·é¢‡å¤šï¼~æ”¶è·é¢‡å¤šï¼~æ”¶è·é¢‡å¤šï¼~æ”¶è·é¢‡å¤šï¼~æ”¶è·é¢‡å¤šï¼~æ”¶è·é¢‡å¤šï¼~æ”¶è·é¢‡å¤šï¼~æ”¶è·é¢‡å¤šï¼~æ”¶è·é¢‡å¤šï¼~æ”¶è·é¢‡å¤šï¼~æ”¶è·é¢‡å¤šï¼~æ”¶è·é¢‡å¤šï¼~æ”¶è·é¢‡å¤šï¼~æ”¶è·é¢‡å¤šï¼~æ”¶è·é¢‡å¤šï¼~æ”¶è·é¢‡å¤šï¼~æ”¶è·é¢‡å¤šï¼~æ”¶è·é¢‡å¤šï¼~æ”¶è·é¢‡å¤šï¼~æ”¶è·é¢‡å¤šï¼~æ”¶è·é¢‡å¤šï¼~æ”¶è·é¢‡å¤šï¼~æ”¶è·é¢‡å¤šï¼~æ”¶è·é¢‡å¤šï¼~æ”¶è·é¢‡å¤šï¼~æ”¶è·é¢‡å¤šï¼~æ”¶è·é¢‡å¤šï¼~æ”¶è·é¢‡å¤šï¼~}
[0m[91m[2021-03-14 20:10:25.442] service.go:154 [0m[32m&{ä»Šå¤©çš„çŠ¶æ€  æ”¶è·é¢‡å¤šï¼~æ”¶è·é¢‡å¤šï¼~æ”¶è·é¢‡å¤šï¼~æ”¶è·é¢‡å¤šï¼~æ”¶è·é¢‡å¤šï¼~æ”¶è·é¢‡å¤šï¼~æ”¶è·é¢‡å¤šï¼~æ”¶è·é¢‡å¤šï¼~æ”¶è·é¢‡å¤šï¼~æ”¶è·é¢‡å¤šï¼~æ”¶è·é¢‡å¤šï¼~æ”¶è·é¢‡å¤šï¼~æ”¶è·é¢‡å¤šï¼~æ”¶è·
é¢‡å¤šï¼~æ”¶è·é¢‡å¤šï¼~æ”¶è·é¢‡å¤šï¼~æ”¶è·é¢‡å¤šï¼~æ”¶è·é¢‡å¤šï¼~æ”¶è·é¢‡å¤šï¼~æ”¶è·é¢‡å¤šï¼~æ”¶è·é¢‡å¤šï¼~æ”¶è·é¢‡å¤šï¼~æ”¶è·é¢‡å¤šï¼~æ”¶è·é¢‡å¤šï¼~æ”¶è·é¢‡å¤šï¼~æ”¶è·é¢‡å¤šï¼~æ”¶è·é¢‡å¤šï¼~æ”¶è·é¢‡å¤šï¼~æ”¶è·é¢‡å¤šï¼~æ”¶è·é¢‡å¤šï¼~æ”¶è·é¢‡å¤šï¼~æ”¶è·é¢‡å¤šï¼~æ”¶è·é¢‡å¤šï¼~æ”¶è·é¢‡å¤šï¼~æ”¶è·é¢‡å¤šï¼~æ”¶è·é¢‡å¤šï¼~æ”¶è·é¢‡å¤šï¼~æ”¶è·é¢‡å¤šï¼~æ”¶è·é¢‡å¤šï¼~æ”¶è·é¢‡å¤šï¼~æ”¶è·é¢‡å¤šï¼~æ”¶è·é¢‡å¤šï¼~æ”¶è·é¢‡å¤šï¼~æ”¶è·é¢‡å¤šï¼~æ”¶è·é¢‡å¤šï¼~æ”¶è·é¢‡å¤šï¼~æ”¶è·é¢‡å¤šï¼~æ”¶è·é¢‡å¤šï¼~æ”¶è·é¢‡å¤šï¼~æ”¶è·é¢‡å¤šï¼~æ”¶è·é¢‡å¤šï¼~æ”¶è·é¢‡å¤šï¼~æ”¶è·é¢‡ 
å¤šï¼~æ”¶è·é¢‡å¤šï¼~æ”¶è·é¢‡å¤šï¼~æ”¶è·é¢‡å¤šï¼~æ”¶è·é¢‡å¤šï¼~æ”¶è·é¢‡å¤šï¼~æ”¶è·é¢‡å¤šï¼~æ”¶è·é¢‡å¤šï¼~æ”¶è·é¢‡å¤šï¼~æ”¶è·é¢‡å¤šï¼~æ”¶è·é¢‡å¤šï¼~æ”¶è·é¢‡å¤šï¼~æ”¶è·é¢‡å¤šï¼~æ”¶è·é¢‡å¤šï¼~æ”¶è·é¢‡å¤šï¼~æ”¶è·é¢‡å¤šï¼~æ”¶è·é¢‡å¤šï¼~æ”¶è·é¢‡å¤šï¼~æ”¶è·é¢‡å¤šï¼~æ”¶è·é¢‡å¤šï¼~æ”¶
è·é¢‡å¤šï¼~æ”¶è·é¢‡å¤šï¼~æ”¶è·é¢‡å¤šï¼~æ”¶è·é¢‡å¤šï¼~æ”¶è·é¢‡å¤šï¼~æ”¶è·é¢‡å¤šï¼~æ”¶è·é¢‡å¤šï¼~æ”¶è·é¢‡å¤šï¼~æ”¶è·é¢‡å¤šï¼~æ”¶è·é¢‡å¤šï¼~æ”¶è·é¢‡å¤šï¼~æ”¶è·é¢‡å¤šï¼~}
[0m[91m[2021-03-14 20:10:25.481] service.go:167 [0m[91mError 1452: Cannot add or update a child row: a foreign key constraint fails (`good_life_memo`.`record`, CONSTRAINT `record_ibfk_1` FOREIGN KEY (`user_id`) REFERENCES `user` (`uuid`))
[0m[91m[2021-03-14 20:10:41.746] service.go:154 [0m[32m&{status ä»Šå¤©çš„çŠ¶æ€ä»Šå¤©çš„çŠ¶æ€ä»Šå¤©çš„çŠ¶æ€ä»Šå¤©çš„çŠ¶æ€ä»Šå¤©çš„çŠ¶æ€ä»Šå¤©çš„çŠ¶æ€ä»Šå¤©çš„çŠ¶æ€ä»Šå¤©çš„çŠ¶æ€ä»Šå¤©çš„çŠ¶æ€ä»Šå¤©çš„çŠ¶æ€ä»Šå¤©çš„çŠ¶æ€ä»Šå¤©çš„çŠ¶æ€ä»Šå¤©çš„çŠ¶æ€ä»Šå¤©çš„çŠ¶æ€ä»Šå¤©çš„çŠ¶æ€ä»Šå¤©çš„çŠ¶æ€ä»Šå¤©çš„çŠ¶æ€ä»Šå¤©çš„çŠ¶æ€ä»Šå¤©çš„çŠ¶æ€ä»Šå¤©çš„çŠ¶æ€ä»Šå¤©çš„çŠ¶æ€ä»Šå¤©çš„çŠ¶æ€ä»Šå¤©çš„çŠ¶æ€ä»Šå¤©çš„çŠ¶æ€ä»Šå¤©çš„çŠ¶æ€ä»Šå¤©çš„çŠ¶æ€ä»Šå¤©çš„çŠ¶æ€ä»Šå¤©çš„çŠ¶æ€ä»Šå¤©çš„çŠ¶æ€ä»Šå¤©çš„çŠ¶æ€ä»Šå¤©çš„çŠ¶æ€ä»Šå¤©çš„çŠ¶æ€ä»Šå¤©çš„çŠ¶æ€ä»Šå¤©çš„çŠ¶æ€ä»Šå¤©çš„çŠ¶æ€ä»Šå¤©çš„çŠ¶æ€ä»Šå¤©çš„çŠ¶æ€ä»Šå¤©çš„çŠ¶æ€ä»Šå¤©çš„çŠ¶æ€ä»Šå¤©çš„çŠ¶æ€ä»Šå¤©çš„çŠ¶æ€ä»Šå¤©çš„çŠ¶æ€ä»Šå¤©çš„çŠ¶æ€ä»Šå¤©çš„çŠ¶æ€ä»Šå¤©çš„çŠ¶æ€ä»Šå¤©çš„çŠ¶æ€ä»Šå¤©çš„çŠ¶æ€ä»Šå¤©çš„çŠ¶æ€ä»Šå¤©çš„çŠ¶æ€ä»Šå¤©çš„çŠ¶æ€ä»Šå¤©çš„çŠ¶æ€ä»Šå¤©çš„çŠ¶æ€ä»Šå¤©çš„çŠ¶æ€ä»Šå¤©çš„çŠ¶æ€ä»Šå¤©çš„çŠ¶æ€ä»Šå¤©çš„çŠ¶æ€ä»Šå¤©çš„çŠ¶æ€ä»Šå¤©çš„çŠ¶æ€ä»Šå¤©çš„çŠ¶æ€ä»Šå¤©çš„çŠ¶æ€ä»Šå¤©çš„çŠ¶æ€ä»Šå¤©çš„çŠ¶æ€ä»Šå¤©çš„çŠ¶æ€ä»Šå¤©çš„çŠ¶æ€ä»Šå¤©çš„çŠ¶æ€ä»Šå¤©çš„çŠ¶æ€}
[0m[91m[2021-03-14 20:11:20.394] mysql.go:16 [0m[32måˆå§‹åŒ– Mysql Service...
[0m[91m[2021-03-14 20:11:20.433] console.go:14 [0m[32mgood life memo åˆå§‹åŒ–ä¸­ ...
[0m[91m[2021-03-14 20:11:30.137] service.go:154 [0m[32m&{ }
[0m[91m[2021-03-14 20:12:43.647] mysql.go:16 [0m[32måˆå§‹åŒ– Mysql Service...
[0m[91m[2021-03-14 20:12:43.691] console.go:14 [0m[32mgood life memo åˆå§‹åŒ–ä¸­ ...
[0m[91m[2021-03-14 20:13:08.155] service.go:154 [0m[32m&{ä»Šå¤©çš„çŠ¶æ€ æ”¶è·é¢‡å¤šï¼~æ”¶è·é¢‡å¤šï¼~æ”¶è·é¢‡å¤šï¼~æ”¶è·é¢‡å¤šï¼~æ”¶è·é¢‡å¤šï¼~æ”¶è·é¢‡å¤šï¼~æ”¶è·é¢‡å¤šï¼~æ”¶è·é¢‡å¤šï¼~æ”¶è·é¢‡å¤šï¼~æ”¶è·é¢‡å¤šï¼~æ”¶è·é¢‡å¤šï¼~æ”¶è·é¢‡å¤šï¼~æ”¶è·é¢‡å¤šï¼~æ”¶è·é¢‡å¤šï¼~æ”¶è·é¢‡å¤šï¼~æ”¶è·é¢‡å¤šï¼~æ”¶è·é¢‡å¤šï¼~æ”¶è·é¢‡å¤šï¼~æ”¶è·é¢‡å¤šï¼~æ”¶è·é¢‡å¤šï¼~æ”¶è·é¢‡å¤šï¼~æ”¶è·é¢‡å¤šï¼~æ”¶è·é¢‡å¤šï¼~æ”¶è·é¢‡å¤šï¼~æ”¶è·é¢‡å¤šï¼~æ”¶è·é¢‡å¤šï¼~æ”¶è·é¢‡å¤šï¼~æ”¶è·é¢‡å¤šï¼~æ”¶è·é¢‡å¤šï¼~æ”¶è·é¢‡å¤šï¼~æ”¶è·é¢‡å¤šï¼~æ”¶è·é¢‡å¤šï¼~æ”¶è·é¢‡å¤šï¼~æ”¶è·é¢‡å¤šï¼~æ”¶è·é¢‡å¤šï¼~æ”¶è·é¢‡å¤šï¼~æ”¶è·é¢‡å¤šï¼~æ”¶è·é¢‡å¤šï¼~æ”¶è·é¢‡å¤šï¼~æ”¶è·é¢‡å¤šï¼~æ”¶è·é¢‡å¤šï¼~æ”¶è·é¢‡å¤šï¼~æ”¶è·é¢‡å¤šï¼~æ”¶è·é¢‡å¤šï¼~æ”¶è·é¢‡å¤šï¼~æ”¶è·é¢‡å¤šï¼~æ”¶è·é¢‡å¤šï¼~æ”¶è·é¢‡å¤šï¼~æ”¶è·é¢‡å¤šï¼~æ”¶è·é¢‡å¤šï¼~æ”¶è·é¢‡å¤šï¼~æ”¶è·é¢‡å¤šï¼~æ”¶è·é¢‡å¤šï¼~æ”¶è·é¢‡å¤šï¼~æ”¶è·é¢‡å¤šï¼~æ”¶è·é¢‡å¤šï¼~æ”¶è·é¢‡å¤šï¼~æ”¶è·é¢‡å¤šï¼~æ”¶è·é¢‡å¤šï¼~æ”¶è·é¢‡å¤šï¼~æ”¶è·é¢‡å¤šï¼~æ”¶è·é¢‡å¤šï¼~æ”¶è·é¢‡å¤šï¼~æ”¶è·é¢‡å¤šï¼~æ”¶è·é¢‡å¤šï¼~æ”¶è·é¢‡å¤šï¼~æ”¶è·é¢‡å¤šï¼~æ”¶è·é¢‡å¤šï¼~æ”¶è·é¢‡å¤šï¼~æ”¶è·é¢‡å¤šï¼~æ”¶è·é¢‡å¤šï¼~æ”¶è·é¢‡å¤šï¼~æ”¶è·é¢‡å¤šï¼~æ”¶è·é¢‡å¤šï¼~æ”¶è·é¢‡å¤šï¼~æ”¶è·é¢‡å¤šï¼~æ”¶è·é¢‡å¤šï¼~æ”¶è·é¢‡å¤šï¼~æ”¶è·é¢‡å¤šï¼~æ”¶è·é¢‡å¤šï¼~æ”¶è·é¢‡å¤šï¼~æ”¶è·é¢‡å¤šï¼~æ”¶è·é¢‡å¤šï¼~æ”¶è·é¢‡å¤šï¼~}
[0m[91m[2021-03-14 20:15:35.404] service.go:154 [0m[32m&{ä»Šå¤©çš„çŠ¶æ€ æ”¶è·é¢‡å¤šï¼~æ”¶è·é¢‡å¤šï¼~æ”¶è·é¢‡å¤šï¼~æ”¶è·é¢‡å¤šï¼~æ”¶è·é¢‡å¤šï¼~æ”¶è·é¢‡å¤šï¼~æ”¶è·é¢‡å¤šï¼~æ”¶è·é¢‡å¤šï¼~æ”¶è·é¢‡å¤šï¼~æ”¶è·é¢‡å¤šï¼~æ”¶è·é¢‡å¤šï¼~æ”¶è·é¢‡å¤šï¼~æ”¶è·é¢‡å¤šï¼~æ”¶è·é¢‡å¤šï¼~æ”¶è·é¢‡å¤šï¼~æ”¶è·é¢‡å¤šï¼~æ”¶è·é¢‡å¤šï¼~æ”¶è·é¢‡å¤šï¼~æ”¶è·é¢‡å¤šï¼~æ”¶è·é¢‡å¤šï¼~æ”¶è·é¢‡å¤šï¼~æ”¶è·é¢‡å¤šï¼~æ”¶è·é¢‡å¤šï¼~æ”¶è·é¢‡å¤šï¼~æ”¶è·é¢‡å¤šï¼~æ”¶è·é¢‡å¤šï¼~æ”¶è·é¢‡å¤šï¼~æ”¶è·é¢‡å¤šï¼~æ”¶è·é¢‡å¤šï¼~æ”¶è·é¢‡å¤šï¼~æ”¶è·é¢‡å¤šï¼~æ”¶è·é¢‡å¤šï¼~æ”¶è·é¢‡å¤šï¼~æ”¶è·é¢‡å¤šï¼~æ”¶è·é¢‡å¤šï¼~æ”¶è·é¢‡å¤šï¼~æ”¶è·é¢‡å¤šï¼~æ”¶è·é¢‡å¤šï¼~æ”¶è·é¢‡å¤šï¼~æ”¶è·é¢‡å¤šï¼~æ”¶è·é¢‡å¤šï¼~æ”¶è·é¢‡å¤šï¼~æ”¶è·é¢‡å¤šï¼~æ”¶è·é¢‡å¤šï¼~æ”¶è·é¢‡å¤šï¼~æ”¶è·é¢‡å¤šï¼~æ”¶è·é¢‡å¤šï¼~æ”¶è·é¢‡å¤šï¼~æ”¶è·é¢‡å¤šï¼~æ”¶è·é¢‡å¤šï¼~æ”¶è·é¢‡å¤šï¼~æ”¶è·é¢‡å¤šï¼~æ”¶è·é¢‡å¤šï¼~æ”¶è·é¢‡å¤šï¼~æ”¶è·é¢‡å¤šï¼~æ”¶è·é¢‡å¤šï¼~æ”¶è·é¢‡å¤šï¼~æ”¶è·é¢‡å¤šï¼~æ”¶è·é¢‡å¤šï¼~æ”¶è·é¢‡å¤šï¼~æ”¶è·é¢‡å¤šï¼~æ”¶è·é¢‡å¤šï¼~æ”¶è·é¢‡å¤šï¼~æ”¶è·é¢‡å¤šï¼~æ”¶è·é¢‡å¤šï¼~æ”¶è·é¢‡å¤šï¼~æ”¶è·é¢‡å¤šï¼~æ”¶è·é¢‡å¤šï¼~æ”¶è·é¢‡å¤šï¼~æ”¶è·é¢‡å¤šï¼~æ”¶è·é¢‡å¤šï¼~æ”¶è·é¢‡å¤šï¼~æ”¶è·é¢‡å¤šï¼~æ”¶è·é¢‡å¤šï¼~æ”¶è·é¢‡å¤šï¼~æ”¶è·é¢‡å¤šï¼~æ”¶è·é¢‡å¤šï¼~æ”¶è·é¢‡å¤šï¼~æ”¶è·é¢‡å¤šï¼~æ”¶è·é¢‡å¤šï¼~æ”¶è·é¢‡å¤šï¼~æ”¶è·é¢‡å¤šï¼~æ”¶è·é¢‡å¤šï¼~æ”¶è·é¢‡å¤šï¼~}
[0m[91m[2021-03-14 20:21:20.070] mysql.go:16 [0m[32måˆå§‹åŒ– Mysql Service...
[0m[91m[2021-03-14 20:21:20.110] console.go:14 [0m[32mgood life memo åˆå§‹åŒ–ä¸­ ...
[0m[91m[2021-03-14 20:22:29.170] mysql.go:16 [0m[32måˆå§‹åŒ– Mysql Service...
[0m[91m[2021-03-14 20:22:29.210] console.go:14 [0m[32mgood life memo åˆå§‹åŒ–ä¸­ ...
[0m[91m[2021-03-14 20:26:59.230] mysql.go:16 [0m[32måˆå§‹åŒ– Mysql Service...
[0m[91m[2021-03-14 20:26:59.271] console.go:14 [0m[32mgood life memo åˆå§‹åŒ–ä¸­ ...
[0m[91m[2021-03-14 20:27:24.167] mysql.go:16 [0m[32måˆå§‹åŒ– Mysql Service...
[0m[91m[2021-03-14 20:27:24.205] console.go:14 [0m[32mgood life memo åˆå§‹åŒ–ä¸­ ...
[0m[91m[2021-03-14 20:28:43.242] mysql.go:16 [0m[32måˆå§‹åŒ– Mysql Service...
[0m[91m[2021-03-14 20:28:43.282] console.go:14 [0m[32mgood life memo åˆå§‹åŒ–ä¸­ ...
[0m[91m[2021-03-14 20:29:14.075] mysql.go:16 [0m[32måˆå§‹åŒ– Mysql Service...
[0m[91m[2021-03-14 20:29:14.116] console.go:14 [0m[32mgood life memo åˆå§‹åŒ–ä¸­ ...
[0m[91m[2021-03-18 15:15:18.011] mysql.go:16 [0m[32måˆå§‹åŒ– Mysql Service...
[0m[91m[2021-03-18 15:15:18.070] console.go:14 [0m[32mgood life memo åˆå§‹åŒ–ä¸­ ...
[0m[91m[2021-03-18 15:16:14.391] mysql.go:16 [0m[32måˆå§‹åŒ– Mysql Service...
[0m[91m[2021-03-18 15:16:14.436] console.go:14 [0m[32mgood life memo åˆå§‹åŒ–ä¸­ ...
[0m[91m[2021-03-18 15:16:23.966] mysql.go:16 [0m[32måˆå§‹åŒ– Mysql Service...
[0m[91m[2021-03-18 15:16:24.013] console.go:14 [0m[32mgood life memo åˆå§‹åŒ–ä¸­ ...
[0m[91m[2021-03-18 15:16:55.445] mysql.go:16 [0m[32måˆå§‹åŒ– Mysql Service...
[0m[91m[2021-03-18 15:16:55.484] console.go:14 [0m[32mgood life memo åˆå§‹åŒ–ä¸­ ...
[0m[91m[2021-03-18 15:23:06.327] mysql.go:16 [0m[32måˆå§‹åŒ– Mysql Service...
[0m[91m[2021-03-18 15:23:06.368] console.go:14 [0m[32mgood life memo åˆå§‹åŒ–ä¸­ ...
[0m[91m[2021-03-18 15:23:35.573] service.go:154 [0m[32m&{ä»Šå¤©çš„çŠ¶æ€ æ”¶è·é¢‡å¤šï¼~æ”¶è·é¢‡å¤šï¼~æ”¶è·é¢‡å¤šï¼~æ”¶è·é¢‡å¤šï¼~æ”¶è·é¢‡å¤šï¼~æ”¶è·é¢‡å¤šï¼~æ”¶è·é¢‡å¤šï¼~æ”¶è·é¢‡å¤šï¼~æ”¶è·é¢‡å¤šï¼~æ”¶è·é¢‡å¤šï¼~æ”¶è·é¢‡å¤šï¼~æ”¶è·é¢‡å¤šï¼~æ”¶è·é¢‡å¤šï¼~æ”¶è·é¢‡å¤šï¼~æ”¶è·é¢‡å¤šï¼~æ”¶è·é¢‡å¤šï¼~æ”¶è·é¢‡å¤šï¼~æ”¶è·é¢‡å¤šï¼~æ”¶è·é¢‡å¤šï¼~æ”¶è·é¢‡å¤šï¼~æ”¶è·é¢‡å¤šï¼~æ”¶è·é¢‡å¤šï¼~æ”¶è·é¢‡å¤šï¼~æ”¶è·é¢‡å¤šï¼~æ”¶è·é¢‡å¤šï¼~æ”¶è·é¢‡å¤šï¼~æ”¶è·é¢‡å¤šï¼~æ”¶è·é¢‡å¤šï¼~æ”¶è·é¢‡å¤šï¼~æ”¶è·é¢‡å¤šï¼~æ”¶è·é¢‡å¤šï¼~æ”¶è·é¢‡å¤šï¼~æ”¶è·é¢‡å¤šï¼~æ”¶è·é¢‡å¤šï¼~æ”¶è·é¢‡å¤šï¼~æ”¶è·é¢‡å¤šï¼~æ”¶è·é¢‡å¤šï¼~æ”¶è·é¢‡å¤šï¼~æ”¶è·é¢‡å¤šï¼~æ”¶è·é¢‡å¤šï¼~æ”¶è·é¢‡å¤šï¼~æ”¶è·é¢‡å¤šï¼~æ”¶è·é¢‡å¤šï¼~æ”¶è·é¢‡å¤šï¼~æ”¶è·é¢‡å¤šï¼~æ”¶è·é¢‡å¤šï¼~æ”¶è·é¢‡å¤šï¼~æ”¶è·é¢‡å¤šï¼~æ”¶è·é¢‡å¤šï¼~æ”¶è·é¢‡å¤šï¼~æ”¶è·é¢‡å¤šï¼~æ”¶è·é¢‡å¤šï¼~æ”¶è·é¢‡å¤šï¼~æ”¶è·é¢‡å¤šï¼~æ”¶è·é¢‡å¤šï¼~æ”¶è·é¢‡å¤šï¼~æ”¶è·é¢‡å¤šï¼~æ”¶è·é¢‡å¤šï¼~æ”¶è·é¢‡å¤šï¼~æ”¶è·é¢‡å¤šï¼~æ”¶è·é¢‡å¤šï¼~æ”¶è·é¢‡å¤šï¼~æ”¶è·é¢‡å¤šï¼~æ”¶è·é¢‡å¤šï¼~æ”¶è·é¢‡å¤šï¼~æ”¶è·é¢‡å¤šï¼~æ”¶è·é¢‡å¤šï¼~æ”¶è·é¢‡å¤šï¼~æ”¶è·é¢‡å¤šï¼~æ”¶è·é¢‡å¤šï¼~æ”¶è·é¢‡å¤šï¼~æ”¶è·é¢‡å¤šï¼~æ”¶è·é¢‡å¤šï¼~æ”¶è·é¢‡å¤šï¼~æ”¶è·é¢‡å¤šï¼~æ”¶è·é¢‡å¤šï¼~æ”¶è·é¢‡å¤šï¼~æ”¶è·é¢‡å¤šï¼~æ”¶è·é¢‡å¤šï¼~æ”¶è·é¢‡å¤šï¼~æ”¶è·é¢‡å¤šï¼~æ”¶è·é¢‡å¤šï¼~æ”¶è·é¢‡å¤šï¼~æ”¶è·é¢‡å¤šï¼~}
[0m[91m[2021-03-18 15:27:52.286] mysql.go:16 [0m[32måˆå§‹åŒ– Mysql Service...
[0m[91m[2021-03-18 15:27:52.326] console.go:14 [0m[32mgood life memo åˆå§‹åŒ–ä¸­ ...
[0m[91m[2021-03-18 15:28:23.222] service.go:156 [0m[91mcode=400, message=Syntax error: offset=1, error=invalid character '&' looking for beginning of value
[0m[91m[2021-03-18 15:30:03.215] mysql.go:16 [0m[32måˆå§‹åŒ– Mysql Service...
[0m[91m[2021-03-18 15:30:03.254] console.go:14 [0m[32mgood life memo åˆå§‹åŒ–ä¸­ ...
[0m[91m[2021-03-18 15:30:19.597] service.go:146 [0m[32m3f74b194-99ba-4bb5-a659-af5d15dd5ae2
[0m[91m[2021-03-18 15:30:19.598] service.go:159 [0m[32m&{11111 111111111111111111111111}
[0m[91m[2021-03-18 15:32:58.797] mysql.go:16 [0m[32måˆå§‹åŒ– Mysql Service...
[0m[91m[2021-03-18 15:32:58.836] console.go:14 [0m[32mgood life memo åˆå§‹åŒ–ä¸­ ...
[0m[91m[2021-03-18 15:33:06.725] service.go:146 [0m[32mundefined
[0m[91m[2021-03-18 15:33:06.725] service.go:159 [0m[32m&{ }
[0m[91m[2021-03-18 15:33:11.964] service.go:146 [0m[32mundefined
[0m[91m[2021-03-18 15:33:11.970] service.go:159 [0m[32m&{1 1}
[0m[91m[2021-03-18 15:33:11.978] service.go:172 [0m[91mError 1452: Cannot add or update a child row: a foreign key constraint fails (`good_life_memo`.`record`, CONSTRAINT `record_ibfk_1` FOREIGN KEY (`user_id`) REFERENCES `user` (`uuid`))
[0m[91m[2021-03-18 15:33:27.268] service.go:146 [0m[32m3f74b194-99ba-4bb5-a659-af5d15dd5ae2
[0m[91m[2021-03-18 15:33:27.269] service.go:159 [0m[32m&{ä»Šå¤©çš„çŠ¶æ€ æ”¶è·é¢‡å¤šï¼~æ”¶è·é¢‡å¤šï¼~æ”¶è·é¢‡å¤šï¼~æ”¶è·é¢‡å¤šï¼~æ”¶è·é¢‡å¤šï¼~æ”¶è·é¢‡å¤šï¼~æ”¶è·é¢‡å¤šï¼~æ”¶è·é¢‡å¤šï¼~æ”¶è·é¢‡å¤šï¼~æ”¶è·é¢‡å¤šï¼~æ”¶è·é¢‡å¤šï¼~æ”¶è·é¢‡å¤šï¼~æ”¶è·é¢‡å¤šï¼~æ”¶è·é¢‡å¤šï¼~æ”¶è·é¢‡å¤šï¼~æ”¶è·é¢‡å¤šï¼~æ”¶è·é¢‡å¤šï¼~æ”¶è·é¢‡å¤šï¼~æ”¶è·é¢‡å¤šï¼~æ”¶è·é¢‡å¤šï¼~æ”¶è·é¢‡å¤šï¼~æ”¶è·é¢‡å¤šï¼~æ”¶è·é¢‡å¤šï¼~æ”¶è·é¢‡å¤šï¼~æ”¶è·é¢‡å¤šï¼~æ”¶è·é¢‡å¤šï¼~æ”¶è·é¢‡å¤šï¼~æ”¶è·é¢‡å¤šï¼~æ”¶è·é¢‡å¤šï¼~æ”¶è·é¢‡å¤šï¼~æ”¶è·é¢‡å¤šï¼~æ”¶è·é¢‡å¤šï¼~æ”¶è·é¢‡å¤šï¼~æ”¶è·é¢‡å¤šï¼~æ”¶è·é¢‡å¤šï¼~æ”¶è·é¢‡å¤šï¼~æ”¶è·é¢‡å¤šï¼~æ”¶è·é¢‡å¤šï¼~æ”¶è·é¢‡å¤šï¼~æ”¶è·é¢‡å¤šï¼~æ”¶è·é¢‡å¤šï¼~æ”¶è·é¢‡å¤šï¼~æ”¶è·é¢‡å¤šï¼~æ”¶è·é¢‡å¤šï¼~æ”¶è·é¢‡å¤šï¼~æ”¶è·é¢‡å¤šï¼~æ”¶è·é¢‡å¤šï¼~æ”¶è·é¢‡å¤šï¼~æ”¶è·é¢‡å¤šï¼~æ”¶è·é¢‡å¤šï¼~æ”¶è·é¢‡å¤šï¼~æ”¶è·é¢‡å¤šï¼~æ”¶è·é¢‡å¤šï¼~æ”¶è·é¢‡å¤šï¼~æ”¶è·é¢‡å¤šï¼~æ”¶è·é¢‡å¤šï¼~æ”¶è·é¢‡å¤šï¼~æ”¶è·é¢‡å¤šï¼~æ”¶è·é¢‡å¤šï¼~æ”¶è·é¢‡å¤šï¼~æ”¶è·é¢‡å¤šï¼~æ”¶è·é¢‡å¤šï¼~æ”¶è·é¢‡å¤šï¼~æ”¶è·é¢‡å¤šï¼~æ”¶è·é¢‡å¤šï¼~æ”¶è·é¢‡å¤šï¼~æ”¶è·é¢‡å¤šï¼~æ”¶è·é¢‡å¤šï¼~æ”¶è·é¢‡å¤šï¼~æ”¶è·é¢‡å¤šï¼~æ”¶è·é¢‡å¤šï¼~æ”¶è·é¢‡å¤šï¼~æ”¶è·é¢‡å¤šï¼~æ”¶è·é¢‡å¤šï¼~æ”¶è·é¢‡å¤šï¼~æ”¶è·é¢‡å¤šï¼~æ”¶è·é¢‡å¤šï¼~æ”¶è·é¢‡å¤šï¼~æ”¶è·é¢‡å¤šï¼~æ”¶è·é¢‡å¤šï¼~æ”¶è·é¢‡å¤šï¼~æ”¶è·é¢‡å¤šï¼~æ”¶è·é¢‡å¤šï¼~æ”¶è·é¢‡å¤šï¼~}
[0m[91m[2021-03-18 15:33:38.437] service.go:146 [0m[32mundefined
[0m[91m[2021-03-18 15:33:38.437] service.go:159 [0m[32m&{ }
[0m[91m[2021-03-18 15:33:53.589] service.go:146 [0m[32mundefined
[0m[91m[2021-03-18 15:33:53.590] service.go:159 [0m[32m&{wwww wwwwwww}
[0m[91m[2021-03-18 15:33:53.593] service.go:172 [0m[91mError 1452: Cannot add or update a child row: a foreign key constraint fails (`good_life_memo`.`record`, CONSTRAINT `record_ibfk_1` FOREIGN KEY (`user_id`) REFERENCES `user` (`uuid`))
[0m[91m[2021-03-18 15:34:15.811] service.go:146 [0m[32mundefined
[0m[91m[2021-03-18 15:34:15.812] service.go:159 [0m[32m&{www wwww}
[0m[91m[2021-03-18 15:34:18.324] service.go:172 [0m[91mError 1205: Lock wait timeout exceeded; try restarting transaction
[0m[91m[2021-03-18 15:34:33.693] service.go:146 [0m[32mundefined
[0m[91m[2021-03-18 15:34:33.696] service.go:159 [0m[32m&{123 123123}
[0m[91m[2021-03-18 15:35:24.730] service.go:172 [0m[91mError 1205: Lock wait timeout exceeded; try restarting transaction
[0m[91m[2021-03-18 15:36:20.892] service.go:146 [0m[32mundefined
[0m[91m[2021-03-18 15:36:20.893] service.go:159 [0m[32m&{123 123}
[0m[91m[2021-03-18 15:36:41.899] service.go:146 [0m[32mundefined
[0m[91m[2021-03-18 15:36:41.900] service.go:159 [0m[32m&{ }
[0m[91m[2021-03-18 15:36:53.675] service.go:146 [0m[32mundefined
[0m[91m[2021-03-18 15:36:53.677] service.go:159 [0m[32m&{ }
[0m[91m[2021-03-18 15:38:42.589] mysql.go:16 [0m[32måˆå§‹åŒ– Mysql Service...
[0m[91m[2021-03-18 15:38:42.631] console.go:14 [0m[32mgood life memo åˆå§‹åŒ–ä¸­ ...
[0m[91m[2021-03-18 15:39:04.485] service.go:146 [0m[32mundefined
[0m[91m[2021-03-18 15:39:04.486] service.go:159 [0m[32m&{CCCCCCCCC CCCCCCCCCCCCCCCCCCCCCCCCC}
[0m[91m[2021-03-18 15:46:58.954] mysql.go:16 [0m[32måˆå§‹åŒ– Mysql Service...
[0m[91m[2021-03-18 15:46:58.998] console.go:14 [0m[32mgood life memo åˆå§‹åŒ–ä¸­ ...
[0m[91m[2021-03-18 15:47:20.068] service.go:159 [0m[32m&{qwe qweqwe}
[0m[91m[2021-03-18 15:47:34.742] service.go:159 [0m[32m&{123123 12312311111111111111}
[0m[91m[2021-03-18 15:47:46.324] service.go:159 [0m[32m&{1111111111111 111111111111111111111111111111111111}
[0m[91m[2021-03-18 15:47:55.211] service.go:159 [0m[32m&{2222222222222222222222222222222 22222222222222222222222222222222222222222222222222222222222222222}
[0m[91m[2021-03-18 15:47:55.214] service.go:172 [0m[91mError 1406: Data too long for column 'title' at row 1
[0m[91m[2021-03-18 15:49:00.273] mysql.go:16 [0m[32måˆå§‹åŒ– Mysql Service...
[0m[91m[2021-03-18 15:49:00.315] console.go:14 [0m[32mgood life memo åˆå§‹åŒ–ä¸­ ...
[0m[91m[2021-03-18 15:50:12.196] service.go:159 [0m[32m&{1111111 1111111111111111111}
[0m[91m[2021-03-18 15:50:37.482] service.go:159 [0m[32m&{123 123}
[0m[91m[2021-03-18 15:50:37.489] service.go:172 [0m[91mError 1452: Cannot add or update a child row: a foreign key constraint fails (`good_life_memo`.`record`, CONSTRAINT `record_ibfk_1` FOREIGN KEY (`user_id`) REFERENCES `user` (`uuid`))
[0m[91m[2021-03-18 15:50:48.106] service.go:159 [0m[32m&{12333123 11122}
[0m[91m[2021-03-18 15:52:29.476] mysql.go:16 [0m[32måˆå§‹åŒ– Mysql Service...
[0m[91m[2021-03-18 15:52:29.517] console.go:14 [0m[32mgood life memo åˆå§‹åŒ–ä¸­ ...
[0m[91m[2021-03-18 15:52:43.380] service.go:159 [0m[32m&{aaaaaaa aaaaaaaaaaaaaaaaaaaaaaaaaaa}
[0m[91m[2021-03-18 15:52:48.370] service.go:159 [0m[32m&{aaaaaa aaa}
[0m[91m[2021-03-18 15:53:41.778] service.go:159 [0m[32m&{ }
[0m[91m[2021-03-18 15:53:51.068] service.go:159 [0m[32m&{123 123}
[0m[91m[2021-03-18 15:54:55.745] service.go:159 [0m[32m&{1 1}
[0m[91m[2021-03-18 15:54:59.610] service.go:159 [0m[32m&{a a}
[0m[91m[2021-03-18 15:55:03.170] service.go:159 [0m[32m&{12 12}
[0m[91m[2021-03-18 15:55:11.858] service.go:159 [0m[32m&{ }
[0m[91m[2021-03-18 15:55:17.833] service.go:159 [0m[32m&{12 12}
[0m[91m[2021-03-18 15:55:25.924] service.go:159 [0m[32m&{123 123}
[0m[91m[2021-03-18 15:55:25.928] service.go:178 [0m[91mError 1452: Cannot add or update a child row: a foreign key constraint fails (`good_life_memo`.`record`, CONSTRAINT `record_ibfk_1` FOREIGN KEY (`user_id`) REFERENCES `user` (`uuid`))
[0m[91m[2021-03-18 15:55:34.634] service.go:159 [0m[32m&{123 123}
[0m[91m[2021-03-18 15:55:41.742] service.go:159 [0m[32m&{1231231 123123123}
[0m[91m[2021-03-18 15:55:59.661] service.go:159 [0m[32m&{123123 1231231}
[0m[91m[2021-03-18 15:55:59.663] service.go:178 [0m[91mError 1452: Cannot add or update a child row: a foreign key constraint fails (`good_life_memo`.`record`, CONSTRAINT `record_ibfk_1` FOREIGN KEY (`user_id`) REFERENCES `user` (`uuid`))
[0m[91m[2021-03-18 15:56:09.505] service.go:159 [0m[32m&{11111111 11111111111111111111111}
[0m[91m[2021-03-18 15:56:53.051] mysql.go:16 [0m[32måˆå§‹åŒ– Mysql Service...
[0m[91m[2021-03-18 15:56:53.090] console.go:14 [0m[32mgood life memo åˆå§‹åŒ–ä¸­ ...
[0m[91m[2021-03-18 15:57:10.226] service.go:161 [0m[32m&{123 123}
[0m[91m[2021-03-18 15:58:14.443] mysql.go:16 [0m[32måˆå§‹åŒ– Mysql Service...
[0m[91m[2021-03-18 15:58:14.484] console.go:14 [0m[32mgood life memo åˆå§‹åŒ–ä¸­ ...
[0m[91m[2021-03-18 15:58:21.777] service.go:161 [0m[32m&{123 123}
[0m[91m[2021-03-18 15:58:26.818] service.go:161 [0m[32m&{123 123}
[0m[91m[2021-03-18 15:58:31.473] service.go:161 [0m[32m&{111 111}
[0m[91m[2021-03-18 15:58:37.457] service.go:161 [0m[32m&{ttttttt ttttttttttttttttttttttt}
[0m[91m[2021-03-18 15:58:42.473] service.go:161 [0m[32m&{AAAA AAAAAAAA}
[0m[91m[2021-03-18 15:58:56.635] service.go:161 [0m[32m&{AAAA AAAAAAAA}
[0m[91m[2021-03-18 15:59:02.473] service.go:161 [0m[32m&{WWW WWWWW}
[0m[91m[2021-03-18 16:00:57.619] mysql.go:16 [0m[32måˆå§‹åŒ– Mysql Service...
[0m[91m[2021-03-18 16:00:57.660] console.go:14 [0m[32mgood life memo åˆå§‹åŒ–ä¸­ ...
[0m[91m[2021-03-18 16:01:43.232] mysql.go:16 [0m[32måˆå§‹åŒ– Mysql Service...
[0m[91m[2021-03-18 16:01:43.272] console.go:14 [0m[32mgood life memo åˆå§‹åŒ–ä¸­ ...
[0m[91m[2021-03-18 16:01:56.042] service.go:161 [0m[32m&{123 123211}
[0m[91m[2021-03-18 16:02:01.106] service.go:161 [0m[32m&{222 111}
[0m[91m[2021-03-18 16:02:08.913] service.go:161 [0m[32m&{44213 12325dfghdshshshdfghdfghtyetyh}
[0m[91m[2021-03-18 16:03:04.940] service.go:161 [0m[32m&{ww www}
[0m[91m[2021-03-18 16:03:04.943] service.go:180 [0m[91mError 1452: Cannot add or update a child row: a foreign key constraint fails (`good_life_memo`.`record`, CONSTRAINT `record_ibfk_1` FOREIGN KEY (`user_id`) REFERENCES `user` (`uuid`))
[0m[91m[2021-03-18 16:03:26.945] service.go:161 [0m[32m&{ }
[0m[91m[2021-03-18 16:03:31.706] service.go:161 [0m[32m&{ }
[0m[91m[2021-03-18 16:03:39.939] service.go:161 [0m[32m&{qw qwe}
[0m[91m[2021-03-18 16:04:42.642] service.go:161 [0m[32m&{qw1 1}
[0m[91m[2021-03-18 16:04:49.826] service.go:161 [0m[32m&{qw1111 111111111111}
[0m[91m[2021-03-18 16:04:55.969] service.go:161 [0m[32m&{123 123}
[0m[91m[2021-03-18 16:04:55.975] service.go:180 [0m[91mError 1452: Cannot add or update a child row: a foreign key constraint fails (`good_life_memo`.`record`, CONSTRAINT `record_ibfk_1` FOREIGN KEY (`user_id`) REFERENCES `user` (`uuid`))
[0m[91m[2021-03-18 16:05:07.958] service.go:161 [0m[32m&{123 123123}
[0m[91m[2021-03-18 16:06:10.880] mysql.go:16 [0m[32måˆå§‹åŒ– Mysql Service...
[0m[91m[2021-03-18 16:06:10.921] console.go:14 [0m[32mgood life memo åˆå§‹åŒ–ä¸­ ...
[0m[91m[2021-03-18 16:06:45.795] mysql.go:16 [0m[32måˆå§‹åŒ– Mysql Service...
[0m[91m[2021-03-18 16:06:45.835] console.go:14 [0m[32mgood life memo åˆå§‹åŒ–ä¸­ ...
[0m[91m[2021-03-18 16:07:06.906] service.go:158 [0m[91mcode=400, message=binding element must be a struct
[0m[91m[2021-03-18 16:08:08.242] service.go:158 [0m[91mcode=400, message=binding element must be a struct
[0m[91m[2021-03-18 16:08:45.665] mysql.go:16 [0m[32måˆå§‹åŒ– Mysql Service...
[0m[91m[2021-03-18 16:08:45.706] console.go:14 [0m[32mgood life memo åˆå§‹åŒ–ä¸­ ...
[0m[91m[2021-03-18 16:08:52.251] service.go:161 [0m[32m&{1 1}
[0m[91m[2021-03-18 16:08:57.488] service.go:161 [0m[32m&{2 231321}
[0m[91m[2021-03-18 16:09:06.643] service.go:161 [0m[32m&{asdadsad asdasdasdasdaé˜¿æ–¯é¡¿æ’’å¤š}
[0m[91m[2021-03-18 16:09:16.728] service.go:161 [0m[32m&{qå•Šå•Šå•Šå•Šå•Šå•Šå•Šå•Š æ”¶å‘æ–‡æ— æ— æ— æ— æ— ä»˜æ’’æ‰€æ‰€åˆ†}
[0m[91m[2021-03-18 16:09:33.713] service.go:161 [0m[32m&{a a}
[0m[91m[2021-03-18 16:09:37.938] service.go:161 [0m[32m&{asd asd}
[0m[91m[2021-03-18 16:11:50.714] mysql.go:16 [0m[32måˆå§‹åŒ– Mysql Service...
[0m[91m[2021-03-18 16:11:50.758] console.go:14 [0m[32mgood life memo åˆå§‹åŒ–ä¸­ ...
[0m[91m[2021-03-18 16:12:13.020] mysql.go:16 [0m[32måˆå§‹åŒ– Mysql Service...
[0m[91m[2021-03-18 16:12:13.059] console.go:14 [0m[32mgood life memo åˆå§‹åŒ–ä¸­ ...
[0m[91m[2021-03-18 16:12:20.688] service.go:161 [0m[32m&{123 1231231}
[0m[91m[2021-03-18 16:12:30.071] service.go:161 [0m[32m&{aå•Šå•Šå•Šå•Šå•Šå•Š ä¸‰ç”Ÿä¸‰ä¸–å•¥æ‰€æ‰€æ‰€æ‰€æ‰€æ‰€æ‰€}
[0m[91m[2021-03-18 16:12:35.233] service.go:161 [0m[32m&{å“’å“’å“’å“’å“’å“’å¤š å“’å“’å“’å“’å“’å“’å¤šå¤šå¤šå¤šå¤šå¤šå¤šå¤šå¤šå¤šå¤šå¤šå¤š}
[0m[91m[2021-03-18 16:14:52.266] service.go:158 [0m[91mcode=400, message=binding element must be a struct
[0m[91m[2021-03-18 16:18:16.823] mysql.go:16 [0m[32måˆå§‹åŒ– Mysql Service...
[0m[91m[2021-03-18 16:18:16.862] console.go:14 [0m[32mgood life memo åˆå§‹åŒ–ä¸­ ...
[0m[91m[2021-03-18 16:18:26.911] service.go:161 [0m[32m&{1 1}
[0m[91m[2021-03-18 16:18:30.958] service.go:161 [0m[32m&{123 123}
[0m[91m[2021-03-18 16:20:04.952] mysql.go:16 [0m[32måˆå§‹åŒ– Mysql Service...
[0m[91m[2021-03-18 16:20:05.012] console.go:14 [0m[32mgood life memo åˆå§‹åŒ–ä¸­ ...
[0m[91m[2021-03-18 16:23:15.124] mysql.go:16 [0m[32måˆå§‹åŒ– Mysql Service...
[0m[91m[2021-03-18 16:23:15.178] console.go:14 [0m[32mgood life memo åˆå§‹åŒ–ä¸­ ...
[0m[91m[2021-03-18 16:23:20.904] service.go:161 [0m[32m&{121 1}
[0m[91m[2021-03-18 16:24:32.424] mysql.go:16 [0m[32måˆå§‹åŒ– Mysql Service...
[0m[91m[2021-03-18 16:24:32.462] console.go:14 [0m[32mgood life memo åˆå§‹åŒ–ä¸­ ...
[0m[91m[2021-03-18 16:24:59.173] service.go:161 [0m[32m&{2 2}
[0m[91m[2021-03-18 16:25:02.796] service.go:161 [0m[32m&{1 1}
[0m[91m[2021-03-18 16:26:22.880] mysql.go:16 [0m[32måˆå§‹åŒ– Mysql Service...
[0m[91m[2021-03-18 16:26:22.917] console.go:14 [0m[32mgood life memo åˆå§‹åŒ–ä¸­ ...
[0m[91m[2021-03-18 16:26:42.999] mysql.go:16 [0m[32måˆå§‹åŒ– Mysql Service...
[0m[91m[2021-03-18 16:26:43.041] console.go:14 [0m[32mgood life memo åˆå§‹åŒ–ä¸­ ...
[0m[91m[2021-03-18 16:36:37.318] mysql.go:16 [0m[32måˆå§‹åŒ– Mysql Service...
[0m[91m[2021-03-18 16:36:37.363] console.go:14 [0m[32mgood life memo åˆå§‹åŒ–ä¸­ ...
[0m[91m[2021-03-18 16:37:26.381] mysql.go:16 [0m[32måˆå§‹åŒ– Mysql Service...
[0m[91m[2021-03-18 16:37:26.422] console.go:14 [0m[32mgood life memo åˆå§‹åŒ–ä¸­ ...
[0m[91m[2021-03-18 16:38:10.665] mysql.go:16 [0m[32måˆå§‹åŒ– Mysql Service...
[0m[91m[2021-03-18 16:38:10.712] console.go:14 [0m[32mgood life memo åˆå§‹åŒ–ä¸­ ...
[0m[91m[2021-03-18 16:38:17.626] service.go:161 [0m[32m&{123 123}
[0m[91m[2021-03-18 16:38:27.298] service.go:161 [0m[32m&{qqq qqqqqq}
[0m[91m[2021-03-18 16:39:42.515] mysql.go:16 [0m[32måˆå§‹åŒ– Mysql Service...
[0m[91m[2021-03-18 16:39:42.556] console.go:14 [0m[32mgood life memo åˆå§‹åŒ–ä¸­ ...
[0m[91m[2021-03-18 16:39:50.555] service.go:161 [0m[32m&{1 1}
[0m[91m[2021-03-18 16:39:54.256] service.go:161 [0m[32m&{2 2}
[0m[91m[2021-03-18 16:39:57.528] service.go:161 [0m[32m&{3 3}
[0m[91m[2021-03-18 16:42:46.983] mysql.go:16 [0m[32måˆå§‹åŒ– Mysql Service...
[0m[91m[2021-03-18 16:42:47.021] console.go:14 [0m[32mgood life memo åˆå§‹åŒ–ä¸­ ...
[0m[91m[2021-03-18 16:42:53.145] service.go:161 [0m[32m&{31 1}
[0m[91m[2021-03-18 16:43:03.513] service.go:161 [0m[32m&{ }
[0m[91m[2021-03-18 16:43:09.642] service.go:161 [0m[32m&{ }
[0m[91m[2021-03-18 16:43:42.738] mysql.go:16 [0m[32måˆå§‹åŒ– Mysql Service...
[0m[91m[2021-03-18 16:43:42.778] console.go:14 [0m[32mgood life memo åˆå§‹åŒ–ä¸­ ...
[0m[91m[2021-03-18 16:50:53.490] mysql.go:16 [0m[32måˆå§‹åŒ– Mysql Service...
[0m[91m[2021-03-18 16:50:53.540] console.go:14 [0m[32mgood life memo åˆå§‹åŒ–ä¸­ ...
[0m[91m[2021-03-18 16:51:14.561] mysql.go:16 [0m[32måˆå§‹åŒ– Mysql Service...
[0m[91m[2021-03-18 16:51:14.601] console.go:14 [0m[32mgood life memo åˆå§‹åŒ–ä¸­ ...
[0m[91m[2021-03-18 16:51:19.631] service.go:161 [0m[32m&{123 123}
[0m[91m[2021-03-18 16:51:42.864] service.go:161 [0m[32m&{111 123123}
[0m[91m[2021-03-18 16:51:50.135] service.go:161 [0m[32m&{123 123}
[0m[91m[2021-03-18 16:52:07.039] service.go:161 [0m[32m&{12313123 132213123123123123121}
[0m[91m[2021-03-18 16:52:13.831] service.go:161 [0m[32m&{tttttttt tttttttttttttttttttttttttttttttt}
[0m[91m[2021-03-18 17:13:04.999] mysql.go:16 [0m[32måˆå§‹åŒ– Mysql Service...
[0m[91m[2021-03-18 17:13:05.040] console.go:14 [0m[32mgood life memo åˆå§‹åŒ–ä¸­ ...
[0m[91m[2021-03-18 17:15:01.384] service.go:161 [0m[32m&{ }
[0m[91m[2021-03-18 17:15:05.230] service.go:161 [0m[32m&{1 1}
[0m[91m[2021-03-18 17:15:21.766] service.go:161 [0m[32m&{2 2}
[0m[91m[2021-03-18 17:15:26.438] service.go:161 [0m[32m&{3 3}
[0m[91m[2021-03-18 17:15:30.494] service.go:161 [0m[32m&{123123 12312312321}
[0m[91m[2021-03-18 17:17:51.819] service.go:161 [0m[32m&{1 1}
[0m[91m[2021-03-18 17:18:02.733] service.go:161 [0m[32m&{123 123123}
[0m[91m[2021-03-18 17:18:11.221] service.go:161 [0m[32m&{1111 111111111}
[0m[91m[2021-03-20 16:07:07.022] mysql.go:16 [0m[32måˆå§‹åŒ– Mysql Service...
[0m[91m[2021-03-20 16:07:07.114] console.go:14 [0m[32mgood life memo åˆå§‹åŒ–ä¸­ ...
[0m[91m[2021-03-20 16:08:38.568] mysql.go:16 [0m[32måˆå§‹åŒ– Mysql Service...
[0m[91m[2021-03-20 16:08:38.612] console.go:14 [0m[32mgood life memo åˆå§‹åŒ–ä¸­ ...
[0m[91m[2021-03-20 16:08:55.453] service.go:161 [0m[32m&{1 1}
[0m[91m[2021-03-20 16:09:12.452] service.go:161 [0m[32m&{111 11111111111}
[0m[91m[2021-03-20 16:09:18.381] service.go:161 [0m[32m&{1 1}
[0m[91m[2021-03-20 16:09:22.332] service.go:161 [0m[32m&{222 2222}
[0m[91m[2021-03-20 16:09:27.028] service.go:161 [0m[32m&{aaaa aaaaaaaaaaaaaaaa}
[0m[91m[2021-03-20 16:18:04.392] mysql.go:16 [0m[32måˆå§‹åŒ– Mysql Service...
[0m[91m[2021-03-20 16:18:04.445] console.go:14 [0m[32mgood life memo åˆå§‹åŒ–ä¸­ ...
[0m[91m[2021-03-20 16:18:13.779] service.go:161 [0m[32m&{123 12313123}
[0m[91m[2021-03-20 16:18:17.139] service.go:161 [0m[32m&{1 1}
[0m[91m[2021-03-20 16:18:20.058] service.go:161 [0m[32m&{2 2}
[0m[91m[2021-03-20 16:18:23.905] service.go:161 [0m[32m&{12313123 12312313123}
[0m[91m[2021-03-20 16:18:29.226] service.go:161 [0m[32m&{1aaaaaaaaa aaaaaaaaaaaaaaaaaaa}
[0m[91m[2021-03-20 16:18:37.084] service.go:161 [0m[32m&{asdadadas asdasdsasdaå¥¥æœ¯å¤§å¸ˆæ‰€æ‰€æ‰€æ‰€æ‰€æ‰€æ‰€æ‰€æ‰€}
[0m[91m[2021-03-20 16:18:42.268] service.go:161 [0m[32m&{aaaaaaaa   å•Šå•Šå•Šå•Šå•Šå•Šå•Šå•Šå•Šå•Šå•Šå•Šå•Šå•Šå•Š}
[0m[91m[2021-03-20 16:18:54.395] service.go:161 [0m[32m&{ssssssssssss saaaaaaaaaaaaaaaaaaaaaaaaaaaaaa}
[0m[91m[2021-03-20 16:19:00.299] service.go:161 [0m[32m&{å•Šå•Šå•Šå•Šå•Šå•Šå•Šå•Šå•Šå•Šå•Šå•Š å•Šå•Šå•Šå•Šå•Šå•Šå•Šå•Šå•Šå•Šå•Šå•Šå•Šå•Šå•Šå•Šå•Šå•Šå•Šå•Šå•Šå•Šå•Šå•Šå•Šå•Šå•Šå•Šå•Šå•Šå•Šå•Šå•Šå•Šå•Šå•Šå•Šå•Šå•Šå•Šå•Šå•Šå•Šå•Šå•Šå•Šå•Šå•Šå•Šå•Šå•Šå•Šå•Šå•Šå•Šå•Šå•Šå•Šå•Šå•Šå•Šå•Šå•Šå•Šå•Šå•Šå•Šå•Šå•Šå•Šå•Šå•Šå•Šå•Šå•Šå•Šå•Šå•Šå•Šå•Šå•Šå•Šå•Šå•Šå•Šå•Šå•Šå•Šå•Šå•Šå•Šå•Šå•Šå•Šå•Šå•Š}
[0m[91m[2021-03-20 16:19:04.635] service.go:161 [0m[32m&{å•Šå•Šå•Šå•Šå•Šå•Šå•Šå•Šå•Šå•Šå•Šå•Š å•Šå•Šå•Šå•Šå•Šå•Šå•Šå•Šå•Šå•Šå•Šå•Šå•Šå•Šå•Šå•Šå•Šå•Šå•Šå•Šå•Šå•Šå•Šå•Šå•Šå•Šå•Šå•Šå•Šå•Šå•Šå•Šå•Šå•Šå•Šå•Šå•Šå•Šå•Šå•Šå•Šå•Šå•Šå•Šå•Šå•Šå•Šå•Šå•Šå•Šå•Šå•Šå•Šå•Šå•Šå•Šå•Šå•Šå•Šå•Šå•Šå•Šå•Šå•Šå•Šå•Šå•Šå•Šå•Šå•Šå•Šå•Šå•Šå•Šå•Šå•Šå•Šå•Šå•Šå•Šå•Šå•Šå•Šå•Šå•Šå•Šå•Šå•Šå•Šå•Šå•Šå•Šå•Šå•Šå•Šå•Šå•Šå•Šå•Šå•Šå•Šå•Šå•Šå•Šå•Šå•Šå•Šå•Šå•Šå•Šå•Šå•Šå•Šå•Šå•Šå•Šå•Šå•Šå•Šå•Šå•Šå•Šå•Šå•Šå•Šå•Šå•Šå•Šå•Šå•Šå•Šå•Šå•Šå•Šå•Šå•Šå•Šå•Šå•Šå•Šå•Šå•Šå•Šå•Šå•Šå•Šå•Šå•Šå•Šå•Šå•Šå•Šå•Šå•Šå•Šå•Šå•Šå•Šå•Šå•Šå•Šå•Šå•Šå•Šå•Šå•Šå•Šå•Šå•Šå•Šå•Šå•Šå•Šå•Šå•Šå•Šå•Šå•Šå•Šå•Šå•Šå•Šå•Šå•Šå•Šå•Šå•Šå•Šå•Šå•Šå•Šå•Šå•Šå•Šå•Šå•Šå•Šå•Šå•Šå•Šå•Šå•Šå•Šå•Šå•Šå•Šå•Šå•Šå•Šå•Šå•Šå•Šå•Šå•Šå•Šå•Šå•Šå•Šå•Šå•Šå•Šå•Šå•Šå•Šå•Šå•Šå•Šå•Šå•Šå•Šå•Šå•Šå•Šå•Šå•Šå•Šå•Šå•Šå•Šå•Šå•Šå•Šå•Šå•Šå•Šå•Šå•Šå•Šå•Šå•Šå•Šå•Šå•Šå•Šå•Šå•Šå•Šå•Šå•Šå•Šå•Šå•Šå•Šå•Š}
[0m[91m[2021-03-20 16:19:10.185] service.go:161 [0m[32m&{å•Šå•Šå•Šå•Šå•Šå•Šå•Šå•Šå•Šå•Šå•Šå•Šå•Šå•Šå•Šå•Šå•Šå•Šå•Šå•Šå•Šå•Šå•Šå•Šå•Šå•Šå•Šå•Šå•Šå•Šå•Šå•Šå•Šå•Šå•Šå•Š å•Šå•Šå•Šå•Šå•Šå•Šå•Šå•Šå•Šå•Šå•Šå•Šå•Šå•Šå•Šå•Šå•Šå•Šå•Šå•Šå•Šå•Šå•Šå•Šå•Šå•Šå•Šå•Šå•Šå•Šå•Šå•Šå•Šå•Šå•Šå•Šå•Šå•Šå•Šå•Šå•Šå•Šå•Šå•Šå•Šå•Šå•Šå•Šå•Šå•Šå•Šå•Šå•Šå•Šå•Šå•Šå•Šå•Šå•Šå•Šå•Šå•Šå•Šå•Šå•Šå•Šå•Šå•Šå•Šå•Šå•Šå•Šå•Šå•Šå•Šå•Šå•Šå•Šå•Šå•Šå•Šå•Šå•Šå•Šå•Šå•Šå•Šå•Šå•Šå•Šå•Šå•Šå•Šå•Šå•Šå•Šå•Šå•Šå•Šå•Šå•Šå•Šå•Šå•Šå•Šå•Šå•Šå•Š}
[0m[91m[2021-03-20 16:19:10.187] service.go:174 [0m[91mError 1406: Data too long for column 'title' at row 1
[0m[91m[2021-03-20 16:19:19.753] service.go:161 [0m[32m&{å•Šå•Šå•Šå•Šå•Šå•Šå•Šå•Šå•Šå•Šå•Šå•Šå•Šå•Šå•Šå•Šå•Šå•Šå•Šå•Šå•Šå•Šå•Šå•Š å•Šå•Šå•Šå•Šå•Šå•Šå•Šå•Šå•Šå•Šå•Šå•Š}
[0m[91m[2021-03-20 16:19:19.756] service.go:174 [0m[91mError 1406: Data too long for column 'title' at row 1
[0m[91m[2021-03-20 16:19:24.417] service.go:161 [0m[32m&{å•Šå•Šå•Šå•Šå•Šå•Šå•Šå•Šå•Šå•Šå•Šå•Š å•Šå•Šå•Šå•Šå•Šå•Šå•Šå•Šå•Šå•Šå•Šå•Šå•Šå•Šå•Šå•Šå•Šå•Šå•Šå•Šå•Šå•Šå•Šå•Šå•Šå•Šå•Šå•Šå•Šå•Šå•Šå•Šå•Šå•Šå•Šå•Šå•Šå•Šå•Šå•Šå•Šå•Šå•Šå•Šå•Šå•Šå•Šå•Šå•Šå•Šå•Šå•Šå•Šå•Šå•Šå•Šå•Šå•Šå•Šå•Š}
[0m[91m[2021-03-20 16:19:29.403] service.go:161 [0m[32m&{å•Šå•Šå•Šå•Šå•Šå•Šå•Šå•Šå•Šå•Šå•Šå•Š å•Šå•Šå•Šå•Šå•Šå•Šå•Šå•Šå•Šå•Šå•Šå•Šå•Šå•Šå•Šå•Šå•Šå•Šå•Šå•Šå•Šå•Šå•Šå•Šå•Šå•Šå•Šå•Šå•Šå•Šå•Šå•Šå•Šå•Šå•Šå•Šå•Šå•Šå•Šå•Šå•Šå•Šå•Šå•Šå•Šå•Šå•Šå•Šå•Šå•Šå•Šå•Šå•Šå•Šå•Šå•Šå•Šå•Šå•Šå•Š}
[0m[91m[2021-03-20 16:19:34.353] service.go:161 [0m[32m&{å•Šå•Šå•Šå•Šå•Šå•Šå•Šå•Šå•Šå•Šå•Šå•Šå•Šå•Šå•Šå•Šå•Šå•Šå•Šå•Šå•Šå•Šå•Šå•Šå•Šå•Šå•Šå•Šå•Šå•Šå•Šå•Šå•Šå•Šå•Šå•Š å•Šå•Šå•Šå•Šå•Šå•Šå•Šå•Šå•Šå•Šå•Šå•Šå•Šå•Šå•Šå•Šå•Šå•Šå•Šå•Šå•Šå•Šå•Šå•Šå•Šå•Šå•Šå•Šå•Šå•Šå•Šå•Šå•Šå•Šå•Šå•Šå•Šå•Šå•Šå•Šå•Šå•Šå•Šå•Šå•Šå•Šå•Šå•Š}
[0m[91m[2021-03-20 16:19:34.356] service.go:174 [0m[91mError 1406: Data too long for column 'title' at row 1
[0m[91m[2021-03-20 16:20:42.344] mysql.go:16 [0m[32måˆå§‹åŒ– Mysql Service...
[0m[91m[2021-03-20 16:20:42.391] console.go:14 [0m[32mgood life memo åˆå§‹åŒ–ä¸­ ...
[0m[91m[2021-03-20 16:20:53.131] service.go:161 [0m[32m&{1231231 12313113}
[0m[91m[2021-03-20 16:20:59.083] service.go:161 [0m[32m&{111111 11111111111111111}
[0m[91m[2021-03-20 16:21:17.052] mysql.go:16 [0m[32måˆå§‹åŒ– Mysql Service...
[0m[91m[2021-03-20 16:21:17.096] console.go:14 [0m[32mgood life memo åˆå§‹åŒ–ä¸­ ...
[0m[91m[2021-03-20 16:21:39.303] mysql.go:16 [0m[32måˆå§‹åŒ– Mysql Service...
[0m[91m[2021-03-20 16:21:39.347] console.go:14 [0m[32mgood life memo åˆå§‹åŒ–ä¸­ ...
[0m[91m[2021-03-20 16:22:08.458] service.go:161 [0m[32m&{qqq qqq}
[0m[91m[2021-03-20 16:22:13.737] service.go:161 [0m[32m&{qweqeqw qweqeqeqeqeqw}
[0m[91m[2021-03-20 16:22:18.769] service.go:161 [0m[32m&{wwwwww wwwwwwwwwwwwwwwwwwww}
[0m[91m[2021-03-20 16:22:31.778] service.go:161 [0m[32m&{qqwe qweqeqeqw}
[0m[91m[2021-03-20 16:22:40.431] service.go:161 [0m[32m&{1111 11111111111}
[0m[91m[2021-03-20 16:25:11.418] mysql.go:16 [0m[32måˆå§‹åŒ– Mysql Service...
[0m[91m[2021-03-20 16:25:11.478] console.go:14 [0m[32mgood life memo åˆå§‹åŒ–ä¸­ ...
[0m[91m[2021-03-20 16:25:30.826] service.go:161 [0m[32m&{123 123}
[0m[91m[2021-03-20 16:25:35.912] service.go:161 [0m[32m&{111 11111}
[0m[91m[2021-03-20 16:25:41.271] service.go:161 [0m[32m&{ a  a}
[0m[91m[2021-03-20 16:28:09.003] mysql.go:16 [0m[32måˆå§‹åŒ– Mysql Service...
[0m[91m[2021-03-20 16:28:09.060] console.go:14 [0m[32mgood life memo åˆå§‹åŒ–ä¸­ ...
[0m[91m[2021-03-20 16:28:25.154] mysql.go:16 [0m[32måˆå§‹åŒ– Mysql Service...
[0m[91m[2021-03-20 16:28:25.202] console.go:14 [0m[32mgood life memo åˆå§‹åŒ–ä¸­ ...
[0m[91m[2021-03-20 16:30:10.661] mysql.go:16 [0m[32måˆå§‹åŒ– Mysql Service...
[0m[91m[2021-03-20 16:30:10.754] console.go:14 [0m[32mgood life memo åˆå§‹åŒ–ä¸­ ...
[0m[91m[2021-03-20 16:30:58.933] mysql.go:16 [0m[32måˆå§‹åŒ– Mysql Service...
[0m[91m[2021-03-20 16:30:58.980] console.go:14 [0m[32mgood life memo åˆå§‹åŒ–ä¸­ ...
[0m[91m[2021-03-20 16:31:22.132] mysql.go:16 [0m[32måˆå§‹åŒ– Mysql Service...
[0m[91m[2021-03-20 16:31:22.180] console.go:14 [0m[32mgood life memo åˆå§‹åŒ–ä¸­ ...
[0m[91m[2021-03-20 16:32:01.185] mysql.go:16 [0m[32måˆå§‹åŒ– Mysql Service...
[0m[91m[2021-03-20 16:32:01.228] console.go:14 [0m[32mgood life memo åˆå§‹åŒ–ä¸­ ...
[0m[91m[2021-03-20 16:33:49.583] mysql.go:16 [0m[32måˆå§‹åŒ– Mysql Service...
[0m[91m[2021-03-20 16:33:49.631] console.go:14 [0m[32mgood life memo åˆå§‹åŒ–ä¸­ ...
[0m[91m[2021-03-20 16:33:57.068] service.go:161 [0m[32m&{1 1}
[0m[91m[2021-03-20 16:34:07.327] service.go:161 [0m[32m&{1 1222222222222222222222222}
[0m[91m[2021-03-20 16:34:15.035] service.go:161 [0m[32m&{1222222222222222 1222222222222222222222222}
[0m[91m[2021-03-20 16:35:43.320] mysql.go:16 [0m[32måˆå§‹åŒ– Mysql Service...
[0m[91m[2021-03-20 16:35:43.363] console.go:14 [0m[32mgood life memo åˆå§‹åŒ–ä¸­ ...
[0m[91m[2021-03-20 16:36:22.105] mysql.go:16 [0m[32måˆå§‹åŒ– Mysql Service...
[0m[91m[2021-03-20 16:36:22.148] console.go:14 [0m[32mgood life memo åˆå§‹åŒ–ä¸­ ...
[0m[91m[2021-03-20 16:36:24.188] service.go:203 [0m[32m&{w w}
[0m[91m[2021-03-20 16:36:30.026] service.go:203 [0m[32m&{1 1}
[0m[91m[2021-03-20 16:36:38.077] service.go:203 [0m[32m&{1 1}
[0m[91m[2021-03-20 16:37:40.898] mysql.go:16 [0m[32måˆå§‹åŒ– Mysql Service...
[0m[91m[2021-03-20 16:37:40.966] console.go:14 [0m[32mgood life memo åˆå§‹åŒ–ä¸­ ...
[0m[91m[2021-03-20 16:38:47.261] mysql.go:16 [0m[32måˆå§‹åŒ– Mysql Service...
[0m[91m[2021-03-20 16:38:47.309] console.go:14 [0m[32mgood life memo åˆå§‹åŒ–ä¸­ ...
[0m[91m[2021-03-20 16:38:52.859] service.go:161 [0m[32m&{1 1}
[0m[91m[2021-03-20 16:38:57.146] service.go:161 [0m[32m&{w w}
[0m[91m[2021-03-20 16:39:00.858] service.go:161 [0m[32m&{a a}
[0m[91m[2021-03-20 16:39:06.643] service.go:203 [0m[32m&{b b}
[0m[91m[2021-03-20 16:39:13.340] service.go:203 [0m[32m&{bc bcccccccccccccc}
[0m[91m[2021-03-20 16:39:18.114] service.go:161 [0m[32m&{3 3}
[0m[91m[2021-03-20 16:39:23.629] service.go:203 [0m[32m&{34 34}
[0m[91m[2021-03-20 16:39:29.921] service.go:203 [0m[32m&{345 345}
[0m[91m[2021-03-20 16:39:35.187] service.go:161 [0m[32m&{12 12}
[0m[91m[2021-03-20 16:40:59.938] service.go:203 [0m[32m&{12 12}
[0m[91m[2021-03-20 16:49:14.660] mysql.go:16 [0m[32måˆå§‹åŒ– Mysql Service...
[0m[91m[2021-03-20 16:49:14.702] console.go:14 [0m[32mgood life memo åˆå§‹åŒ–ä¸­ ...
[0m[91m[2021-03-20 16:49:36.235] service.go:203 [0m[32m&{12333 12333}
[0m[91m[2021-03-20 16:52:03.178] mysql.go:16 [0m[32måˆå§‹åŒ– Mysql Service...
[0m[91m[2021-03-20 16:52:03.227] console.go:14 [0m[32mgood life memo åˆå§‹åŒ–ä¸­ ...
[0m[91m[2021-03-20 16:53:56.856] mysql.go:16 [0m[32måˆå§‹åŒ– Mysql Service...
[0m[91m[2021-03-20 16:53:56.909] console.go:14 [0m[32mgood life memo åˆå§‹åŒ–ä¸­ ...
[0m[91m[2021-03-20 16:54:01.913] service.go:203 [0m[32m&{12333 12333}
[0m[91m[2021-03-20 16:58:02.139] mysql.go:16 [0m[32måˆå§‹åŒ– Mysql Service...
[0m[91m[2021-03-20 16:58:02.200] console.go:14 [0m[32mgood life memo åˆå§‹åŒ–ä¸­ ...
[0m[91m[2021-03-20 16:59:56.224] mysql.go:16 [0m[32måˆå§‹åŒ– Mysql Service...
[0m[91m[2021-03-20 16:59:56.269] console.go:14 [0m[32mgood life memo åˆå§‹åŒ–ä¸­ ...
[0m[91m[2021-03-20 17:00:16.881] service.go:161 [0m[32m&{123 123}
[0m[91m[2021-03-20 17:00:21.821] service.go:161 [0m[32m&{a a}
[0m[91m[2021-03-20 17:00:25.646] service.go:161 [0m[32m&{c c}
[0m[91m[2021-03-20 17:00:30.670] service.go:203 [0m[32m&{cccc cccc}
[0m[91m[2021-03-20 17:01:32.528] mysql.go:16 [0m[32måˆå§‹åŒ– Mysql Service...
[0m[91m[2021-03-20 17:01:32.570] console.go:14 [0m[32mgood life memo åˆå§‹åŒ–ä¸­ ...
[0m[91m[2021-03-20 17:02:19.300] mysql.go:16 [0m[32måˆå§‹åŒ– Mysql Service...
[0m[91m[2021-03-20 17:02:19.350] console.go:14 [0m[32mgood life memo åˆå§‹åŒ–ä¸­ ...
[0m[91m[2021-03-20 17:02:26.845] service.go:203 [0m[32m&{3451 3451}
[0m[91m[2021-03-20 17:02:42.063] service.go:161 [0m[32m&{111111 11111111111111111111111111}
[0m[91m[2021-03-20 17:03:08.708] service.go:161 [0m[32m&{a a}
[0m[91m[2021-03-20 17:03:12.916] service.go:161 [0m[32m&{v v}
[0m[91m[2021-03-20 17:03:17.755] service.go:203 [0m[32m&{vccc vccc}
[0m[91m[2021-03-20 17:04:09.900] mysql.go:16 [0m[32måˆå§‹åŒ– Mysql Service...
[0m[91m[2021-03-20 17:04:10.029] console.go:14 [0m[32mgood life memo åˆå§‹åŒ–ä¸­ ...
[0m[91m[2021-03-20 17:04:32.951] mysql.go:16 [0m[32måˆå§‹åŒ– Mysql Service...
[0m[91m[2021-03-20 17:04:32.999] console.go:14 [0m[32mgood life memo åˆå§‹åŒ–ä¸­ ...
[0m[91m[2021-03-20 17:05:04.138] mysql.go:16 [0m[32måˆå§‹åŒ– Mysql Service...
[0m[91m[2021-03-20 17:05:04.184] console.go:14 [0m[32mgood life memo åˆå§‹åŒ–ä¸­ ...
[0m[91m[2021-03-20 17:05:12.222] service.go:161 [0m[32m&{123123 13213213213}
[0m[91m[2021-03-20 17:05:32.726] mysql.go:16 [0m[32måˆå§‹åŒ– Mysql Service...
[0m[91m[2021-03-20 17:05:32.770] console.go:14 [0m[32mgood life memo åˆå§‹åŒ–ä¸­ ...
[0m[91m[2021-03-20 17:06:46.619] mysql.go:16 [0m[32måˆå§‹åŒ– Mysql Service...
[0m[91m[2021-03-20 17:06:46.692] console.go:14 [0m[32mgood life memo åˆå§‹åŒ–ä¸­ ...
[0m[91m[2021-03-20 17:06:58.410] service.go:161 [0m[32m&{2 2}
[0m[91m[2021-03-20 17:07:07.692] service.go:203 [0m[32m&{22 2222}
[0m[91m[2021-03-20 17:07:17.875] service.go:203 [0m[32m&{22111111111111111111111111111 2222}
[0m[91m[2021-03-20 17:07:17.877] service.go:223 [0m[91mError 1406: Data too long for column 'title' at row 1
[0m[91m[2021-03-20 17:07:23.475] service.go:203 [0m[32m&{22111111 2222}
[0m[91m[2021-03-20 17:08:25.074] service.go:161 [0m[32m&{q q}
[0m